 白珊,1980a92f-8cf5-44c6-ad83-1c465295c692,Promenade 55,5ddd4613-4110-4d34-bc74-8ff7cc1e97df,白珊,1980a92f-8cf5-44c6-ad83-1c465295c692
 白珊,1980a92f-8cf5-44c6-ad83-1c465295c692,Promenade 54,357f201a-b303-4f8b-81c8-b519d6900d91,白珊,1980a92f-8cf5-44c6-ad83-1c465295c692
 白珊,1980a92f-8cf5-44c6-ad83-1c465295c692,Folk 67,d7f6c342-1cbd-40a8-b4d8-caf54a131469,白珊,1980a92f-8cf5-44c6-ad83-1c465295c692
 白珊,1980a92f-8cf5-44c6-ad83-1c465295c692,Folk 66,2f085d9c-da66-4866-862d-adb1447fae4c,白珊,1980a92f-8cf5-44c6-ad83-1c465295c692
 白珊,1980a92f-8cf5-44c6-ad83-1c465295c692,音乐漫步53,2f4d25ec-306d-4c49-a0c0-5ece7b1657c9,白珊,1980a92f-8cf5-44c6-ad83-1c465295c692
 白珊,1980a92f-8cf5-44c6-ad83-1c465295c692,Folk 65,b14e15af-b8b4-4eeb-a1a8-806a8bd4a074,白珊,1980a92f-8cf5-44c6-ad83-1c465295c692
 白珊,1980a92f-8cf5-44c6-ad83-1c465295c692,Promenade 52,5ba74277-08e1-4a66-a333-2ff5f832f052,白珊,1980a92f-8cf5-44c6-ad83-1c465295c692
 白珊,1980a92f-8cf5-44c6-ad83-1c465295c692,Folk 64,c159db7f-4394-4628-aa48-efbd9ee9b24c,白珊,1980a92f-8cf5-44c6-ad83-1c465295c692
 白珊,1980a92f-8cf5-44c6-ad83-1c465295c692,Folk 63,70666feb-7f73-44ff-8ff3-2684eaaf5989,白珊,1980a92f-8cf5-44c6-ad83-1c465295c692
 白珊,1980a92f-8cf5-44c6-ad83-1c465295c692,音乐漫步 51,8ac3979c-c046-4138-8df8-11e1ec2d9db6,白珊,1980a92f-8cf5-44c6-ad83-1c465295c692
 白珊,1980a92f-8cf5-44c6-ad83-1c465295c692,音乐漫步49,b0066968-f98f-4940-ac7f-cb5f273f987c,白珊,1980a92f-8cf5-44c6-ad83-1c465295c692
 白珊,1980a92f-8cf5-44c6-ad83-1c465295c692,Folk 60,ceb86e04-5a72-45a9-81e6-0e98c5ae8136,白珊,1980a92f-8cf5-44c6-ad83-1c465295c692
 白珊,1980a92f-8cf5-44c6-ad83-1c465295c692,音乐漫步 48,0e05f847-0836-4295-b7aa-2197d7ab1265,白珊,1980a92f-8cf5-44c6-ad83-1c465295c692
 白珊,1980a92f-8cf5-44c6-ad83-1c465295c692,folk 57,1d1223a4-084d-4cc5-95b5-37475b74feb5,白珊,1980a92f-8cf5-44c6-ad83-1c465295c692
 白珊,1980a92f-8cf5-44c6-ad83-1c465295c692,folk 56,111c227f-01ca-4963-9f53-110522a265a6,白珊,1980a92f-8cf5-44c6-ad83-1c465295c692
 白珊,1980a92f-8cf5-44c6-ad83-1c465295c692,Folk 52,6603337a-baf2-4032-9c18-4b0d36920dc0,白珊,1980a92f-8cf5-44c6-ad83-1c465295c692
 白珊,1980a92f-8cf5-44c6-ad83-1c465295c692,folk 55,b12c8c4f-0dd2-46ae-ba83-50dba010e16a,白珊,1980a92f-8cf5-44c6-ad83-1c465295c692
 白珊,1980a92f-8cf5-44c6-ad83-1c465295c692,flok 53,448d2d5c-275f-40c1-9d8d-f88cc2a0abb4,白珊,1980a92f-8cf5-44c6-ad83-1c465295c692
 白珊,1980a92f-8cf5-44c6-ad83-1c465295c692,folk 54,584468aa-98da-451c-8e1b-c75a148bbace,白珊,1980a92f-8cf5-44c6-ad83-1c465295c692
 白珊,1980a92f-8cf5-44c6-ad83-1c465295c692,音乐漫步46,f6e92e97-e85d-47c0-bc71-53c121a2c06c,白珊,1980a92f-8cf5-44c6-ad83-1c465295c692
 白珊,1980a92f-8cf5-44c6-ad83-1c465295c692,Folk 50,2ac52f10-3d81-4f83-96d6-9e4df476d9d4,白珊,1980a92f-8cf5-44c6-ad83-1c465295c692
 白珊,1980a92f-8cf5-44c6-ad83-1c465295c692,Folk 49,49e4a45e-2e5f-4754-b1b5-2626cd43581e,白珊,1980a92f-8cf5-44c6-ad83-1c465295c692
 白珊,1980a92f-8cf5-44c6-ad83-1c465295c692,Folk51,5e521ec4-a2b6-444f-aa74-c019f97f9a95,白珊,1980a92f-8cf5-44c6-ad83-1c465295c692
 白珊,1980a92f-8cf5-44c6-ad83-1c465295c692,音乐漫步 45,95070cc0-b356-4128-a7d6-014a8d36c9e8,白珊,1980a92f-8cf5-44c6-ad83-1c465295c692
 白珊,1980a92f-8cf5-44c6-ad83-1c465295c692,音乐漫步 44,915147e7-8723-42a7-9087-3495a6209b55,白珊,1980a92f-8cf5-44c6-ad83-1c465295c692
 白珊,1980a92f-8cf5-44c6-ad83-1c465295c692,音乐漫步 42,b5b6e854-775e-41e3-820c-f1a4d50e87e0,白珊,1980a92f-8cf5-44c6-ad83-1c465295c692
 白珊,1980a92f-8cf5-44c6-ad83-1c465295c692,folk45,0f80b046-3057-4422-b755-a9df3125d9d5,白珊,1980a92f-8cf5-44c6-ad83-1c465295c692
 白珊,1980a92f-8cf5-44c6-ad83-1c465295c692,pano262,ba3c4eb2-faca-440f-a4ee-160a76f5587a,白珊,1980a92f-8cf5-44c6-ad83-1c465295c692
 白珊,1980a92f-8cf5-44c6-ad83-1c465295c692,pano261,16511b5b-a4c4-457b-b132-6590cc94b136,白珊,1980a92f-8cf5-44c6-ad83-1c465295c692
 白珊,1980a92f-8cf5-44c6-ad83-1c465295c692,pano260,53fa2a51-b71a-4d7f-9bac-b1e023af3c30,白珊,1980a92f-8cf5-44c6-ad83-1c465295c692
 白珊,1980a92f-8cf5-44c6-ad83-1c465295c692,pano 259,533fc019-22af-4cf8-8f05-644b24444cd0,白珊,1980a92f-8cf5-44c6-ad83-1c465295c692
 白珊,1980a92f-8cf5-44c6-ad83-1c465295c692,pano 258,32788db3-c30a-48ac-96b0-9695a63b6766,白珊,1980a92f-8cf5-44c6-ad83-1c465295c692
 白珊,1980a92f-8cf5-44c6-ad83-1c465295c692,A6F,7cd7488e-67ea-44a1-a296-260a73443dd5,白珊,1980a92f-8cf5-44c6-ad83-1c465295c692
 白珊,1980a92f-8cf5-44c6-ad83-1c465295c692,pano256,4d986556-bb2e-4153-b566-b67a0c0a0b93,白珊,1980a92f-8cf5-44c6-ad83-1c465295c692
 白珊,1980a92f-8cf5-44c6-ad83-1c465295c692,A6F,8894dde9-2b3c-4228-9a5b-9fd16f4b29dc,白珊,1980a92f-8cf5-44c6-ad83-1c465295c692
 白珊,1980a92f-8cf5-44c6-ad83-1c465295c692,pano254,4110403e-45f3-4d01-ac6e-88b1955e8cb3,白珊,1980a92f-8cf5-44c6-ad83-1c465295c692
 白珊,1980a92f-8cf5-44c6-ad83-1c465295c692,A6F,5b435f81-8743-4257-bafb-e4364b804559,白珊,1980a92f-8cf5-44c6-ad83-1c465295c692
 白珊,1980a92f-8cf5-44c6-ad83-1c465295c692,pano253,94312d67-9fbe-4f98-a6af-c10ff7b42af9,白珊,1980a92f-8cf5-44c6-ad83-1c465295c692
 白珊,1980a92f-8cf5-44c6-ad83-1c465295c692,pano252,fbb3101a-ba3e-4487-bb19-186e120872c9,白珊,1980a92f-8cf5-44c6-ad83-1c465295c692
 白珊,1980a92f-8cf5-44c6-ad83-1c465295c692,pano250,95cd91ec-00cc-474e-9824-5e1e119f80e8,白珊,1980a92f-8cf5-44c6-ad83-1c465295c692
 白珊,1980a92f-8cf5-44c6-ad83-1c465295c692,A6F,e63936bc-5e56-42f5-97aa-1d9c9bbc6e4e,白珊,1980a92f-8cf5-44c6-ad83-1c465295c692
 白珊,1980a92f-8cf5-44c6-ad83-1c465295c692,A6F,8302c32d-6004-430c-8320-fd39cf744345,白珊,1980a92f-8cf5-44c6-ad83-1c465295c692
 白珊,1980a92f-8cf5-44c6-ad83-1c465295c692,chan-manou gallo,229b0251-1b86-4a46-b049-a974dfae420e,白珊,1980a92f-8cf5-44c6-ad83-1c465295c692
 白珊,1980a92f-8cf5-44c6-ad83-1c465295c692,pano 248,a73e0af0-2ebc-4330-84d4-c06f9bfb1831,白珊,1980a92f-8cf5-44c6-ad83-1c465295c692
 白珊,1980a92f-8cf5-44c6-ad83-1c465295c692,A6F,6b03d7ce-b349-4a9e-9202-4b7ccca39614,白珊,1980a92f-8cf5-44c6-ad83-1c465295c692
 白珊,1980a92f-8cf5-44c6-ad83-1c465295c692,pano246,97d09593-17a3-4fb4-8e9c-b826b97ae259,白珊,1980a92f-8cf5-44c6-ad83-1c465295c692
 白珊,1980a92f-8cf5-44c6-ad83-1c465295c692,A6F,83c3581a-4198-423e-bad6-96d1add6c410,白珊,1980a92f-8cf5-44c6-ad83-1c465295c692
 白珊,1980a92f-8cf5-44c6-ad83-1c465295c692,A6F,de5d9263-54bf-4847-9832-0ea88dfa14ad,白珊,1980a92f-8cf5-44c6-ad83-1c465295c692
 白珊,1980a92f-8cf5-44c6-ad83-1c465295c692,pano243,d14aaae0-317a-42f8-bc34-a62e94a3a638,白珊,1980a92f-8cf5-44c6-ad83-1c465295c692
 白珊,1980a92f-8cf5-44c6-ad83-1c465295c692,pano242,54358e6a-c5ab-4fd3-9ee6-f8b1e60c97ea,白珊,1980a92f-8cf5-44c6-ad83-1c465295c692
 白珊,1980a92f-8cf5-44c6-ad83-1c465295c692,pano241,d002ea84-0d3f-4f34-8369-69f547915449,白珊,1980a92f-8cf5-44c6-ad83-1c465295c692
 白珊,1980a92f-8cf5-44c6-ad83-1c465295c692,a6f,9e30734c-04ff-431d-85a9-339a381d1ae3,白珊,1980a92f-8cf5-44c6-ad83-1c465295c692
 白珊,1980a92f-8cf5-44c6-ad83-1c465295c692,pano238,72148e8c-6657-41f2-b54e-6ba3b494ad59,白珊,1980a92f-8cf5-44c6-ad83-1c465295c692
 白珊,1980a92f-8cf5-44c6-ad83-1c465295c692,pano237,9bae2de4-e676-446e-8b22-45be85be4ee9,白珊,1980a92f-8cf5-44c6-ad83-1c465295c692
 白珊,1980a92f-8cf5-44c6-ad83-1c465295c692,pano235,c6aec9da-c483-41a1-ae87-5b3d99b664e6,白珊,1980a92f-8cf5-44c6-ad83-1c465295c692
 白珊,1980a92f-8cf5-44c6-ad83-1c465295c692,pano232,852f6917-2da8-45d8-a3b5-ff521b439f7a,白珊,1980a92f-8cf5-44c6-ad83-1c465295c692
 白珊,1980a92f-8cf5-44c6-ad83-1c465295c692,环境两会,10e028d0-68b5-40ea-b889-35f7bf1aeacb,白珊,1980a92f-8cf5-44c6-ad83-1c465295c692
 白珊,1980a92f-8cf5-44c6-ad83-1c465295c692,pano226,b8ab7cd8-44d7-4f51-9095-6e576aaeaa47,白珊,1980a92f-8cf5-44c6-ad83-1c465295c692
 白珊,1980a92f-8cf5-44c6-ad83-1c465295c692,pano225,ae0aa737-ad21-4f4c-ba7b-e718c5fb801b,白珊,1980a92f-8cf5-44c6-ad83-1c465295c692
 白珊,1980a92f-8cf5-44c6-ad83-1c465295c692,pano223,16bea133-cb68-4950-93f8-3dc60539c282,白珊,1980a92f-8cf5-44c6-ad83-1c465295c692
 白珊,1980a92f-8cf5-44c6-ad83-1c465295c692,pano219,d0242eb1-12cc-4f86-a44f-998cd19d6d9f,白珊,1980a92f-8cf5-44c6-ad83-1c465295c692
 白珊,1980a92f-8cf5-44c6-ad83-1c465295c692,pano218,7665320f-7f81-4d36-983b-092b51067f11,白珊,1980a92f-8cf5-44c6-ad83-1c465295c692
 白珊,1980a92f-8cf5-44c6-ad83-1c465295c692,pano215,f21b66c1-c769-44a3-b68f-a4d82946365a,白珊,1980a92f-8cf5-44c6-ad83-1c465295c692
 白珊,1980a92f-8cf5-44c6-ad83-1c465295c692,pano211,03cbee2b-9647-4efe-900d-ceba478eadf6,白珊,1980a92f-8cf5-44c6-ad83-1c465295c692
 白珊,1980a92f-8cf5-44c6-ad83-1c465295c692,pano210,e6c78da0-9e2c-405f-9a4f-4cca9e8b4025,白珊,1980a92f-8cf5-44c6-ad83-1c465295c692
 白珊,1980a92f-8cf5-44c6-ad83-1c465295c692,pano205,26506eb9-8554-40d8-b2ef-942b4267ac9c,白珊,1980a92f-8cf5-44c6-ad83-1c465295c692
 白珊,1980a92f-8cf5-44c6-ad83-1c465295c692,202,b7e6365f-d555-42d4-b41a-670da6c55fc5,白珊,1980a92f-8cf5-44c6-ad83-1c465295c692
 白珊,1980a92f-8cf5-44c6-ad83-1c465295c692,pano201,30c3893b-76cd-414f-b46e-4775308e2924,白珊,1980a92f-8cf5-44c6-ad83-1c465295c692
 白珊,1980a92f-8cf5-44c6-ad83-1c465295c692,pano200,46492d22-9d3f-45bc-8294-ee205bf7e4f0,白珊,1980a92f-8cf5-44c6-ad83-1c465295c692
 白珊,1980a92f-8cf5-44c6-ad83-1c465295c692,bonjour soleil 4,b60704a6-250d-478f-881c-5bdc86c0dd67,白珊,1980a92f-8cf5-44c6-ad83-1c465295c692
 白珊,1980a92f-8cf5-44c6-ad83-1c465295c692,PANO195,f12d7cc1-c7f1-4581-8eca-a0c8747c5d56,白珊,1980a92f-8cf5-44c6-ad83-1c465295c692
 白珊,1980a92f-8cf5-44c6-ad83-1c465295c692,pano191,85572d0e-4b4b-47a6-b610-bc4710d37188,白珊,1980a92f-8cf5-44c6-ad83-1c465295c692
 白珊,1980a92f-8cf5-44c6-ad83-1c465295c692,pano186,9c508fc2-6382-4857-a8a6-a97ac066844f,白珊,1980a92f-8cf5-44c6-ad83-1c465295c692
 白珊,1980a92f-8cf5-44c6-ad83-1c465295c692,pano 187,f28a5d3a-6d1b-4429-a3bd-bfaf02cf1cb1,白珊,1980a92f-8cf5-44c6-ad83-1c465295c692
 白珊,1980a92f-8cf5-44c6-ad83-1c465295c692,pano184,d9cf3bb3-2939-4189-99fd-0881829d1871,白珊,1980a92f-8cf5-44c6-ad83-1c465295c692
 白珊,1980a92f-8cf5-44c6-ad83-1c465295c692,pano182,01f8604a-3cfc-4904-ac05-4a8419b0cb5a,白珊,1980a92f-8cf5-44c6-ad83-1c465295c692
 白珊,1980a92f-8cf5-44c6-ad83-1c465295c692,pano179,ed7a49b0-15db-472f-bb88-596ec30a81a3,白珊,1980a92f-8cf5-44c6-ad83-1c465295c692
 白珊,1980a92f-8cf5-44c6-ad83-1c465295c692,pano180,b29b995b-3858-4f16-b06a-a89eff136845,白珊,1980a92f-8cf5-44c6-ad83-1c465295c692
 白珊,1980a92f-8cf5-44c6-ad83-1c465295c692,178,981c82d9-f4af-47da-ad11-a4553c608c20,白珊,1980a92f-8cf5-44c6-ad83-1c465295c692
 白珊,1980a92f-8cf5-44c6-ad83-1c465295c692,pano177,2522626d-e11e-4c8c-9385-966e6e0d091a,白珊,1980a92f-8cf5-44c6-ad83-1c465295c692
 白珊,1980a92f-8cf5-44c6-ad83-1c465295c692,pano175,70c46d60-ae40-444a-a6f9-0f6ff0f5d5c0,白珊,1980a92f-8cf5-44c6-ad83-1c465295c692
 白珊,1980a92f-8cf5-44c6-ad83-1c465295c692,pano173,20d97586-7b72-4a3e-bacd-3e906b971de1,白珊,1980a92f-8cf5-44c6-ad83-1c465295c692
 白珊,1980a92f-8cf5-44c6-ad83-1c465295c692,pano171,29988586-9f97-400e-8910-7b061c8d6c87,白珊,1980a92f-8cf5-44c6-ad83-1c465295c692
 白珊,1980a92f-8cf5-44c6-ad83-1c465295c692,pano167,147051c7-59ce-4477-851b-3f406887ce5c,白珊,1980a92f-8cf5-44c6-ad83-1c465295c692
 白珊,1980a92f-8cf5-44c6-ad83-1c465295c692,0426,412e8e49-a12d-4da0-99d2-2032962f60f9,白珊,1980a92f-8cf5-44c6-ad83-1c465295c692
 白珊,1980a92f-8cf5-44c6-ad83-1c465295c692,pano162,6fe3dd81-ddbe-4252-a775-ba77d42de63f,白珊,1980a92f-8cf5-44c6-ad83-1c465295c692
 白珊,1980a92f-8cf5-44c6-ad83-1c465295c692,pano163,6831d507-a121-499f-bb0e-139236e28a8f,白珊,1980a92f-8cf5-44c6-ad83-1c465295c692
 白珊,1980a92f-8cf5-44c6-ad83-1c465295c692,pano158,b8360aee-4725-474d-8af3-8312de5ded5b,白珊,1980a92f-8cf5-44c6-ad83-1c465295c692
 白珊,1980a92f-8cf5-44c6-ad83-1c465295c692,pano157,a17efbd1-d7a6-4c67-8835-456f6f027330,白珊,1980a92f-8cf5-44c6-ad83-1c465295c692
 白珊,1980a92f-8cf5-44c6-ad83-1c465295c692,pano 156,73783800-29ec-459b-b175-39cd3160838f,白珊,1980a92f-8cf5-44c6-ad83-1c465295c692
 白珊,1980a92f-8cf5-44c6-ad83-1c465295c692,pano155,1d950897-ad60-4a27-87dc-6da999a757da,白珊,1980a92f-8cf5-44c6-ad83-1c465295c692
 白珊,1980a92f-8cf5-44c6-ad83-1c465295c692,pano153,928519a3-9a9a-421f-80bd-6172d3fdae4d,白珊,1980a92f-8cf5-44c6-ad83-1c465295c692
 白珊,1980a92f-8cf5-44c6-ad83-1c465295c692,pano152,46f2e220-0f69-4b1d-a7c0-f12b85758f53,白珊,1980a92f-8cf5-44c6-ad83-1c465295c692
 白珊,1980a92f-8cf5-44c6-ad83-1c465295c692,两会直通 中国高等教育,ac6778db-14d9-4390-a37d-ebcb371071b2,白珊,1980a92f-8cf5-44c6-ad83-1c465295c692
 白珊,1980a92f-8cf5-44c6-ad83-1c465295c692,pano 151,66744271-cdec-4122-9ad9-b4b637698317,白珊,1980a92f-8cf5-44c6-ad83-1c465295c692
 白珊,1980a92f-8cf5-44c6-ad83-1c465295c692,pano149,fa2e75e8-663a-4f42-bfe5-81657994a025,白珊,1980a92f-8cf5-44c6-ad83-1c465295c692
 白珊,1980a92f-8cf5-44c6-ad83-1c465295c692,pano148,da294ba5-9d2f-40eb-8898-eecfea5d6ed3,白珊,1980a92f-8cf5-44c6-ad83-1c465295c692
 白珊,1980a92f-8cf5-44c6-ad83-1c465295c692,pano144 新年,29b007f1-cb43-4cab-a750-b306ae9cab24,白珊,1980a92f-8cf5-44c6-ad83-1c465295c692
 白珊,1980a92f-8cf5-44c6-ad83-1c465295c692,pano143,c679073e-f77a-4902-8e88-a2507f2a1660,白珊,1980a92f-8cf5-44c6-ad83-1c465295c692
 白珊,1980a92f-8cf5-44c6-ad83-1c465295c692,A6F,fd1ac81f-ada2-44e0-a454-4a9107263c18,白珊,1980a92f-8cf5-44c6-ad83-1c465295c692
 白珊,1980a92f-8cf5-44c6-ad83-1c465295c692,cle004,c34d0dc3-5bb2-49ab-a2c7-b5394edc09fd,白珊,1980a92f-8cf5-44c6-ad83-1c465295c692
 白珊,1980a92f-8cf5-44c6-ad83-1c465295c692,pano142,1da63df0-17d4-4520-a0ee-9e7f3add7d04,白珊,1980a92f-8cf5-44c6-ad83-1c465295c692
 白珊,1980a92f-8cf5-44c6-ad83-1c465295c692,pano141,08b8fd6a-09e9-4a8a-afc5-069184b90429,白珊,1980a92f-8cf5-44c6-ad83-1c465295c692
 白珊,1980a92f-8cf5-44c6-ad83-1c465295c692,pano140,5e930746-5df9-42ce-987f-8062518413d1,白珊,1980a92f-8cf5-44c6-ad83-1c465295c692
 白珊,1980a92f-8cf5-44c6-ad83-1c465295c692,A6F,43f74f27-c66c-408a-81ae-6735fc8dff64,白珊,1980a92f-8cf5-44c6-ad83-1c465295c692
 白珊,1980a92f-8cf5-44c6-ad83-1c465295c692,wai1229,953926d8-a19c-4839-974e-62deddc6fd2b,白珊,1980a92f-8cf5-44c6-ad83-1c465295c692
 白珊,1980a92f-8cf5-44c6-ad83-1c465295c692,A6F,41748eb0-6c0e-4578-94c9-25558c3b005b,白珊,1980a92f-8cf5-44c6-ad83-1c465295c692
 白珊,1980a92f-8cf5-44c6-ad83-1c465295c692,pano138,be82ad3e-575b-4c53-8bdd-2ea97f9d462e,白珊,1980a92f-8cf5-44c6-ad83-1c465295c692
 白珊,1980a92f-8cf5-44c6-ad83-1c465295c692,A27F,9ea2bf39-4e82-4fa7-b4e9-65c1d92b6696,白珊,1980a92f-8cf5-44c6-ad83-1c465295c692
 白珊,1980a92f-8cf5-44c6-ad83-1c465295c692,A6F,4f2e54f9-4741-47bf-a3bd-56f6bccb9ad1,白珊,1980a92f-8cf5-44c6-ad83-1c465295c692
 白珊,1980a92f-8cf5-44c6-ad83-1c465295c692,pano137,054a336f-b2d8-4345-b9e6-906f32a08c7b,白珊,1980a92f-8cf5-44c6-ad83-1c465295c692
 白珊,1980a92f-8cf5-44c6-ad83-1c465295c692,pano135,1ae7491a-2b06-4878-b3ff-5808ad08a224,白珊,1980a92f-8cf5-44c6-ad83-1c465295c692
 白珊,1980a92f-8cf5-44c6-ad83-1c465295c692,pano134,82860301-2993-4780-a72d-18bb44ebb2d8,白珊,1980a92f-8cf5-44c6-ad83-1c465295c692
 白珊,1980a92f-8cf5-44c6-ad83-1c465295c692,pano 圆明园1,f69f9cc2-7338-472b-ab49-7b3260da111e,白珊,1980a92f-8cf5-44c6-ad83-1c465295c692
 白珊,1980a92f-8cf5-44c6-ad83-1c465295c692,pano133,b6e3df0f-368a-4ddf-8628-7abd72fea635,白珊,1980a92f-8cf5-44c6-ad83-1c465295c692
 白珊,1980a92f-8cf5-44c6-ad83-1c465295c692,pano133,0007453a-e815-4392-8b06-1ff70ed19bc1,白珊,1980a92f-8cf5-44c6-ad83-1c465295c692
 白珊,1980a92f-8cf5-44c6-ad83-1c465295c692,A6F,c24823d7-90fb-499d-b4f6-71241fc93101,白珊,1980a92f-8cf5-44c6-ad83-1c465295c692
 白珊,1980a92f-8cf5-44c6-ad83-1c465295c692,A2F,aa14973f-d2d0-4eb3-963d-618b45f0ab8e,白珊,1980a92f-8cf5-44c6-ad83-1c465295c692
 白珊,1980a92f-8cf5-44c6-ad83-1c465295c692,A1F,4cf18b0a-0338-4fb1-b0a3-1e9501493685,白珊,1980a92f-8cf5-44c6-ad83-1c465295c692
 白珊,1980a92f-8cf5-44c6-ad83-1c465295c692,pano132,8819f25f-3a22-4426-83ce-c368ddb5049c,白珊,1980a92f-8cf5-44c6-ad83-1c465295c692
 白珊,1980a92f-8cf5-44c6-ad83-1c465295c692,A6F,43bda020-eedb-420f-b6fc-e85e15f9a490,白珊,1980a92f-8cf5-44c6-ad83-1c465295c692
 白珊,1980a92f-8cf5-44c6-ad83-1c465295c692,pano131,5c3168c2-7026-442f-966f-51af0a6f67dc,白珊,1980a92f-8cf5-44c6-ad83-1c465295c692
 白珊,1980a92f-8cf5-44c6-ad83-1c465295c692,gaokao,2ee3d28d-f4ef-44b1-8861-91b688d88eb4,白珊,1980a92f-8cf5-44c6-ad83-1c465295c692
 白珊,1980a92f-8cf5-44c6-ad83-1c465295c692,pano129,5cb6e4bc-f780-424d-a4f1-4f8d0269dab3,白珊,1980a92f-8cf5-44c6-ad83-1c465295c692
 白珊,1980a92f-8cf5-44c6-ad83-1c465295c692,pano129,250d2e73-e5ba-4d89-9796-54954dd2f086,白珊,1980a92f-8cf5-44c6-ad83-1c465295c692
 白珊,1980a92f-8cf5-44c6-ad83-1c465295c692,40,2acc0964-b36f-4639-b9d8-9d5164a89199,白珊,1980a92f-8cf5-44c6-ad83-1c465295c692
 白珊,1980a92f-8cf5-44c6-ad83-1c465295c692,pano129,b34145b4-a5d4-4527-891a-67cc5e128537,白珊,1980a92f-8cf5-44c6-ad83-1c465295c692
 白珊,1980a92f-8cf5-44c6-ad83-1c465295c692,节目39,7a331dc7-13a2-46bd-90ff-3a799d64208e,白珊,1980a92f-8cf5-44c6-ad83-1c465295c692
 白珊,1980a92f-8cf5-44c6-ad83-1c465295c692,39parole,42a95c91-982b-4423-84f4-468e0326cc96,白珊,1980a92f-8cf5-44c6-ad83-1c465295c692
 白珊,1980a92f-8cf5-44c6-ad83-1c465295c692,节目39,7cb0ff8c-bdab-42ca-b066-ae9cf57fe58f,白珊,1980a92f-8cf5-44c6-ad83-1c465295c692
 白珊,1980a92f-8cf5-44c6-ad83-1c465295c692,claudine,a832b46f-3960-4528-aff7-77d602ebde03,白珊,1980a92f-8cf5-44c6-ad83-1c465295c692
 白珊,1980a92f-8cf5-44c6-ad83-1c465295c692,4 stagiaires,c7a33e55-691b-44d4-9cc9-67c26fa12054,白珊,1980a92f-8cf5-44c6-ad83-1c465295c692
 白珊,1980a92f-8cf5-44c6-ad83-1c465295c692,pano baishan,675994f2-aea1-493b-b661-69728d717eb7,白珊,1980a92f-8cf5-44c6-ad83-1c465295c692
 白珊,1980a92f-8cf5-44c6-ad83-1c465295c692,zhao,8759fba2-7962-4e3f-a0af-4216300c6055,白珊,1980a92f-8cf5-44c6-ad83-1c465295c692
 白珊,1980a92f-8cf5-44c6-ad83-1c465295c692,xieli,44007d6e-4df0-4f1d-9f77-78acbbcdeeed,白珊,1980a92f-8cf5-44c6-ad83-1c465295c692
 白珊,1980a92f-8cf5-44c6-ad83-1c465295c692,liou,be39557b-409b-4e93-aaef-cb6b94697097,白珊,1980a92f-8cf5-44c6-ad83-1c465295c692
 白珊,1980a92f-8cf5-44c6-ad83-1c465295c692,A24F0813,f562bc3c-eda1-47da-a592-b2712498d489,白珊,1980a92f-8cf5-44c6-ad83-1c465295c692
 白珊,1980a92f-8cf5-44c6-ad83-1c465295c692,A25F0813,a71c48f7-d86b-4064-8b80-64a0d1243ca6,白珊,1980a92f-8cf5-44c6-ad83-1c465295c692
 白珊,1980a92f-8cf5-44c6-ad83-1c465295c692,AN20813,034faa6c-7dc4-4c68-9bbe-e4d835c9387a,白珊,1980a92f-8cf5-44c6-ad83-1c465295c692
 白珊,1980a92f-8cf5-44c6-ad83-1c465295c692,A27F0813,7045d70e-524a-4eaa-9914-9b9dded828cc,白珊,1980a92f-8cf5-44c6-ad83-1c465295c692
 白珊,1980a92f-8cf5-44c6-ad83-1c465295c692,A26F0813,ea0b0af6-d05b-4818-a010-2befd3ae776e,白珊,1980a92f-8cf5-44c6-ad83-1c465295c692
 白珊,1980a92f-8cf5-44c6-ad83-1c465295c692,A23F0813,62d9cd9e-f902-475b-9ee9-cdf434ddcb3c,白珊,1980a92f-8cf5-44c6-ad83-1c465295c692
 白珊,1980a92f-8cf5-44c6-ad83-1c465295c692,A22F0813,67454005-75d0-4116-a5b9-8b96d7fa0673,白珊,1980a92f-8cf5-44c6-ad83-1c465295c692
 白珊,1980a92f-8cf5-44c6-ad83-1c465295c692,A21F0813,00aa9ca4-3c36-4c76-b74d-26241edfd6a0,白珊,1980a92f-8cf5-44c6-ad83-1c465295c692
 白珊,1980a92f-8cf5-44c6-ad83-1c465295c692,A20F0813,14586353-e124-4561-9924-d803a44aba5f,白珊,1980a92f-8cf5-44c6-ad83-1c465295c692
 白珊,1980a92f-8cf5-44c6-ad83-1c465295c692,A10F0813,d2af1cda-ce1d-4724-a207-789afe8e7b82,白珊,1980a92f-8cf5-44c6-ad83-1c465295c692
 白珊,1980a92f-8cf5-44c6-ad83-1c465295c692,A6F0813,ff58cec2-a96f-4641-81db-765bb89d8cf2,白珊,1980a92f-8cf5-44c6-ad83-1c465295c692
 白珊,1980a92f-8cf5-44c6-ad83-1c465295c692,A4F0813,28c25afd-0f60-41a1-a311-f4dbbbdae3d5,白珊,1980a92f-8cf5-44c6-ad83-1c465295c692
 白珊,1980a92f-8cf5-44c6-ad83-1c465295c692,A3F0813,c5ad7a38-66c0-4ef4-af46-3987b3d617ff,白珊,1980a92f-8cf5-44c6-ad83-1c465295c692
 白珊,1980a92f-8cf5-44c6-ad83-1c465295c692,A2F0813,76eb60be-a603-41c7-9281-2750c3e4b495,白珊,1980a92f-8cf5-44c6-ad83-1c465295c692
 白珊,1980a92f-8cf5-44c6-ad83-1c465295c692,A1F0813,8453fca4-5846-4c2b-9725-61ea8cfbc091,白珊,1980a92f-8cf5-44c6-ad83-1c465295c692
 白珊,1980a92f-8cf5-44c6-ad83-1c465295c692,A6F(1),3a3cc13d-0eb7-40ed-93c2-98f23525b2d7,白珊,1980a92f-8cf5-44c6-ad83-1c465295c692
 白珊,1980a92f-8cf5-44c6-ad83-1c465295c692,AN2,36b287e1-2529-4a52-95b9-6d494a268328,白珊,1980a92f-8cf5-44c6-ad83-1c465295c692
 白珊,1980a92f-8cf5-44c6-ad83-1c465295c692,A27F,11ecb071-d866-4883-a8cc-96616c656cca,白珊,1980a92f-8cf5-44c6-ad83-1c465295c692
 白珊,1980a92f-8cf5-44c6-ad83-1c465295c692,A26F,631f40fb-e6c9-48fe-9fa8-ffb3d27cced8,白珊,1980a92f-8cf5-44c6-ad83-1c465295c692
 白珊,1980a92f-8cf5-44c6-ad83-1c465295c692,A25F.,d98fdf0d-22e5-41aa-977e-d06e2758a81b,白珊,1980a92f-8cf5-44c6-ad83-1c465295c692
 白珊,1980a92f-8cf5-44c6-ad83-1c465295c692,A24F.,5b2b3f9f-7ef0-48fd-9fb0-0f675cbcc529,白珊,1980a92f-8cf5-44c6-ad83-1c465295c692
 白珊,1980a92f-8cf5-44c6-ad83-1c465295c692,A23F,ef98c253-495c-4af4-9401-41d254063cd3,白珊,1980a92f-8cf5-44c6-ad83-1c465295c692
 白珊,1980a92f-8cf5-44c6-ad83-1c465295c692,A22F,32ad1fbc-97d6-4659-af32-cc66420dfb37,白珊,1980a92f-8cf5-44c6-ad83-1c465295c692
 白珊,1980a92f-8cf5-44c6-ad83-1c465295c692,A21F,c848a25a-9536-4eb3-903b-0cd16ffeedcf,白珊,1980a92f-8cf5-44c6-ad83-1c465295c692
 白珊,1980a92f-8cf5-44c6-ad83-1c465295c692,A20F,ae81ad42-3723-49fd-a829-fa0255385565,白珊,1980a92f-8cf5-44c6-ad83-1c465295c692
 白珊,1980a92f-8cf5-44c6-ad83-1c465295c692,A10F,6d1114a9-6fed-40ae-b94a-8aca37e93c33,白珊,1980a92f-8cf5-44c6-ad83-1c465295c692
 白珊,1980a92f-8cf5-44c6-ad83-1c465295c692,A4F,cd4819ba-3c60-46b8-8c26-dae310137aac,白珊,1980a92f-8cf5-44c6-ad83-1c465295c692
 白珊,1980a92f-8cf5-44c6-ad83-1c465295c692,A3F,c1d7f9ae-7e6a-4e66-a513-109f7a17edfc,白珊,1980a92f-8cf5-44c6-ad83-1c465295c692
 白珊,1980a92f-8cf5-44c6-ad83-1c465295c692,A2F,3dda946a-ff9c-4cf5-babf-557cfee3ec1d,白珊,1980a92f-8cf5-44c6-ad83-1c465295c692
 白珊,1980a92f-8cf5-44c6-ad83-1c465295c692,A1F,47936541-bd1a-4df4-a101-d5ffc1e81145,白珊,1980a92f-8cf5-44c6-ad83-1c465295c692
 白珊,1980a92f-8cf5-44c6-ad83-1c465295c692,A6F(1)(2),15ea1e8f-d8d3-47a8-b528-64a7f0ff1655,白珊,1980a92f-8cf5-44c6-ad83-1c465295c692
 白珊,1980a92f-8cf5-44c6-ad83-1c465295c692,A6F(1),1de2c41a-e5b1-4a2f-a1cb-e8506f480626,白珊,1980a92f-8cf5-44c6-ad83-1c465295c692
 白珊,1980a92f-8cf5-44c6-ad83-1c465295c692,A6F,18247007-c129-48d7-b438-57f5210527bb,白珊,1980a92f-8cf5-44c6-ad83-1c465295c692
 白珊,1980a92f-8cf5-44c6-ad83-1c465295c692,A6F0804,e6683737-a42d-4f41-81e0-a7b43c3e9679,白珊,1980a92f-8cf5-44c6-ad83-1c465295c692
 白珊,1980a92f-8cf5-44c6-ad83-1c465295c692,AN20805,36aa762d-5635-4b57-aff1-a146d2cc4494,白珊,1980a92f-8cf5-44c6-ad83-1c465295c692
 白珊,1980a92f-8cf5-44c6-ad83-1c465295c692,A27F0805,b7f8d6c4-6008-4b54-9a7b-db53f2ae1009,白珊,1980a92f-8cf5-44c6-ad83-1c465295c692
 白珊,1980a92f-8cf5-44c6-ad83-1c465295c692,A26F0805,06f0f0c3-f419-4c4b-9467-545ff9d17898,白珊,1980a92f-8cf5-44c6-ad83-1c465295c692
 白珊,1980a92f-8cf5-44c6-ad83-1c465295c692,A25F0805,50ab7269-2b6f-405f-a320-e86a458719aa,白珊,1980a92f-8cf5-44c6-ad83-1c465295c692
 白珊,1980a92f-8cf5-44c6-ad83-1c465295c692,A24F0805,95cd126f-426e-46db-ba2f-7559baca652f,白珊,1980a92f-8cf5-44c6-ad83-1c465295c692
 白珊,1980a92f-8cf5-44c6-ad83-1c465295c692,A23F0805,d0bbc1c0-b866-4865-b49e-d8713a944827,白珊,1980a92f-8cf5-44c6-ad83-1c465295c692
 白珊,1980a92f-8cf5-44c6-ad83-1c465295c692,A22F0805,eeb531f4-2206-40fe-a76b-0ce64f856193,白珊,1980a92f-8cf5-44c6-ad83-1c465295c692
 白珊,1980a92f-8cf5-44c6-ad83-1c465295c692,A21F,2f0a6c25-807c-4711-a376-e106af547971,白珊,1980a92f-8cf5-44c6-ad83-1c465295c692
 白珊,1980a92f-8cf5-44c6-ad83-1c465295c692,A20F0805,b75aea38-31b2-4f0d-8285-ff39c02e589a,白珊,1980a92f-8cf5-44c6-ad83-1c465295c692
 白珊,1980a92f-8cf5-44c6-ad83-1c465295c692,A10F0805,4a548156-078d-4813-ba28-d9c8fcd03c87,白珊,1980a92f-8cf5-44c6-ad83-1c465295c692
 白珊,1980a92f-8cf5-44c6-ad83-1c465295c692,A6F0805,a099b176-47ed-4ce2-9130-fef29fa85532,白珊,1980a92f-8cf5-44c6-ad83-1c465295c692
 白珊,1980a92f-8cf5-44c6-ad83-1c465295c692,A4F0805,63c227df-8619-4a46-961c-23473ea0ad49,白珊,1980a92f-8cf5-44c6-ad83-1c465295c692
 白珊,1980a92f-8cf5-44c6-ad83-1c465295c692,A3F0805,f1650f22-af04-4387-bf21-f546a6972a50,白珊,1980a92f-8cf5-44c6-ad83-1c465295c692
 白珊,1980a92f-8cf5-44c6-ad83-1c465295c692,A2F0805,347a1806-f978-4ee9-935a-a71a91902636,白珊,1980a92f-8cf5-44c6-ad83-1c465295c692
 白珊,1980a92f-8cf5-44c6-ad83-1c465295c692,A1F0805,18535b2c-3987-4e48-85c8-95d15222e70a,白珊,1980a92f-8cf5-44c6-ad83-1c465295c692
 张辉,99870f9a-0ef4-4098-a51f-1c8ff8c09381,1220 第七届中国北京国际文化创意产业博览会开幕,5736d5f2-3cd3-4ff4-b4be-959f254b7abe,张辉,99870f9a-0ef4-4098-a51f-1c8ff8c09381
 张辉,99870f9a-0ef4-4098-a51f-1c8ff8c09381,1219_商务部数据显示实际使用外资额下,8a57ab99-476d-47ac-bc6a-9c6117d02586,张辉,99870f9a-0ef4-4098-a51f-1c8ff8c09381
 张辉,99870f9a-0ef4-4098-a51f-1c8ff8c09381,1218 中美贸易,5b0be107-c7ca-4116-8001-99efaaf0bcc6,张辉,99870f9a-0ef4-4098-a51f-1c8ff8c09381
 张辉,99870f9a-0ef4-4098-a51f-1c8ff8c09381,1217 孔子学院成为跨文化交流重要平台,e3ecccc5-cb65-4b0d-b66e-ee7a76fabb0b,张辉,99870f9a-0ef4-4098-a51f-1c8ff8c09381
 张辉,99870f9a-0ef4-4098-a51f-1c8ff8c09381,1210 horvath2,1ebbe5b9-482f-4224-9134-9b7e17a6ff74,张辉,99870f9a-0ef4-4098-a51f-1c8ff8c09381
 张辉,99870f9a-0ef4-4098-a51f-1c8ff8c09381,1203_janos_Horvath1,0089d500-eccb-4716-988c-70ec4d5a778a,张辉,99870f9a-0ef4-4098-a51f-1c8ff8c09381
 张辉,99870f9a-0ef4-4098-a51f-1c8ff8c09381,1126 中国将在亚中经济发展中起到更重要的作用,312d07a1-a6f4-4fd1-b224-1f88ba202a66,张辉,99870f9a-0ef4-4098-a51f-1c8ff8c09381
 张辉,99870f9a-0ef4-4098-a51f-1c8ff8c09381,1127zhujianer,f65d3af7-2edc-403f-8e78-35d45003bd4f,张辉,99870f9a-0ef4-4098-a51f-1c8ff8c09381
 张辉,99870f9a-0ef4-4098-a51f-1c8ff8c09381,1123 巴勒斯坦总统特使访华,610bb309-4194-4d8e-a93c-755d12071ab9,张辉,99870f9a-0ef4-4098-a51f-1c8ff8c09381
 张辉,99870f9a-0ef4-4098-a51f-1c8ff8c09381,1122 低碳发展是中国走可持续发展的必然选择,8b1a0e1d-c81e-49d0-921d-258af88fedda,张辉,99870f9a-0ef4-4098-a51f-1c8ff8c09381
 张辉,99870f9a-0ef4-4098-a51f-1c8ff8c09381,1121 中日韩启动自贸区谈判,222d15aa-9766-405b-84dd-8cf86f15b1e2,张辉,99870f9a-0ef4-4098-a51f-1c8ff8c09381
 张辉,99870f9a-0ef4-4098-a51f-1c8ff8c09381,1120 温家宝出席“１０＋１”、“１０＋３”会议,ad7f6c75-c708-4849-913c-eff5b27fa239,张辉,99870f9a-0ef4-4098-a51f-1c8ff8c09381
 张辉,99870f9a-0ef4-4098-a51f-1c8ff8c09381,1119 中外城市管理者齐聚广州,6b161edb-3bf8-4119-b312-14f8003e195c,张辉,99870f9a-0ef4-4098-a51f-1c8ff8c09381
 张辉,99870f9a-0ef4-4098-a51f-1c8ff8c09381,utazas,108c876e-ebae-41c3-a365-27e677b980b2,张辉,99870f9a-0ef4-4098-a51f-1c8ff8c09381
 张辉,99870f9a-0ef4-4098-a51f-1c8ff8c09381,1112 藏药飘香,d05b1f40-4dd3-44e0-b5b6-d60766953375,张辉,99870f9a-0ef4-4098-a51f-1c8ff8c09381
 张辉,99870f9a-0ef4-4098-a51f-1c8ff8c09381,1105 《中国之窗》十八大系列报道幸福之路（17、贵州篇）我从山中来幸福把门开,1ea40c2c-5fdb-469c-af28-599692ff7fa6,张辉,99870f9a-0ef4-4098-a51f-1c8ff8c09381
 张辉,99870f9a-0ef4-4098-a51f-1c8ff8c09381,1102_尚德义中国近代作曲家,60804cd7-afcd-4581-93b5-bb02ab9f51ba,张辉,99870f9a-0ef4-4098-a51f-1c8ff8c09381
 张辉,99870f9a-0ef4-4098-a51f-1c8ff8c09381,1102 解说词完成,1f982c9a-2fc3-47b5-91c8-d071673d9163,张辉,99870f9a-0ef4-4098-a51f-1c8ff8c09381
 张辉,99870f9a-0ef4-4098-a51f-1c8ff8c09381,1101 秦咏诚，中国著名作曲家,dafd6b8d-bd8c-4399-bd89-67a5441848ab,张辉,99870f9a-0ef4-4098-a51f-1c8ff8c09381
 张辉,99870f9a-0ef4-4098-a51f-1c8ff8c09381,1031 郭祖荣交响曲创作人,e5164001-7f4a-4e2d-98e6-d479f346aa2d,张辉,99870f9a-0ef4-4098-a51f-1c8ff8c09381
 张辉,99870f9a-0ef4-4098-a51f-1c8ff8c09381,1030 歌剧江姐,c46eea1f-bb49-4c1d-a945-8bf3cc3e12f8,张辉,99870f9a-0ef4-4098-a51f-1c8ff8c09381
 张辉,99870f9a-0ef4-4098-a51f-1c8ff8c09381,1029_芭蕾牡丹亭,ed7907eb-b6a0-448d-8047-2351660f448c,张辉,99870f9a-0ef4-4098-a51f-1c8ff8c09381
 张辉,99870f9a-0ef4-4098-a51f-1c8ff8c09381,1029 匈牙利制片人谈中匈足球友谊发展,87919864-bf1d-458a-888b-e7ef20f8c51c,张辉,99870f9a-0ef4-4098-a51f-1c8ff8c09381
 张辉,99870f9a-0ef4-4098-a51f-1c8ff8c09381,1026 中国为精神卫生立法　强化民众心理健康促进的政府责任,55f2badb-850b-4ebf-aab3-8f5c2aeb51ca,张辉,99870f9a-0ef4-4098-a51f-1c8ff8c09381
 张辉,99870f9a-0ef4-4098-a51f-1c8ff8c09381,1025 中国高速发展的动力在于实事求是进行改革,d55400ca-baf8-4539-95a3-ef3c7f1a4465,张辉,99870f9a-0ef4-4098-a51f-1c8ff8c09381
 张辉,99870f9a-0ef4-4098-a51f-1c8ff8c09381,1024 卫生部拒绝公开信息败诉,10de71b3-9618-4cfa-b4da-df83d8d41b82,张辉,99870f9a-0ef4-4098-a51f-1c8ff8c09381
 张辉,99870f9a-0ef4-4098-a51f-1c8ff8c09381,1023 尊老敬老从陪伴与关爱开始,37abc9cf-f4cc-4e4d-bf33-2482d989540f,张辉,99870f9a-0ef4-4098-a51f-1c8ff8c09381
 张辉,99870f9a-0ef4-4098-a51f-1c8ff8c09381,1022 中国大企业裁员,acd219e9-523a-436e-b6ac-580b1b84dd76,张辉,99870f9a-0ef4-4098-a51f-1c8ff8c09381
 张辉,99870f9a-0ef4-4098-a51f-1c8ff8c09381,1022 广交会订单减少　中国外贸企业谋求转型升级,80f7eab0-a04e-4e59-8aea-05be63f4c558,张辉,99870f9a-0ef4-4098-a51f-1c8ff8c09381
 张辉,99870f9a-0ef4-4098-a51f-1c8ff8c09381,1019ivan_hangosmagazin,2f82d898-dffe-4660-ad02-ed86cde698e6,张辉,99870f9a-0ef4-4098-a51f-1c8ff8c09381
 张辉,99870f9a-0ef4-4098-a51f-1c8ff8c09381,1016hangoshir,c5a89b2b-0ba9-4d9f-b5cd-8d34dd8c9e8b,张辉,99870f9a-0ef4-4098-a51f-1c8ff8c09381
 张辉,99870f9a-0ef4-4098-a51f-1c8ff8c09381,1015 采访匈牙利制片人阿达姆1,a96b2e8f-cb08-4b88-88a5-d7a6528c0fcc,张辉,99870f9a-0ef4-4098-a51f-1c8ff8c09381
 张辉,99870f9a-0ef4-4098-a51f-1c8ff8c09381,1009 adaminterjuja,7778440a-215f-4de4-b296-d6e060a56f06,张辉,99870f9a-0ef4-4098-a51f-1c8ff8c09381
 张辉,99870f9a-0ef4-4098-a51f-1c8ff8c09381,1008 中国媒体在非洲开拓市场,5de5493b-5989-40c4-903d-3b899e0e439e,张辉,99870f9a-0ef4-4098-a51f-1c8ff8c09381
 张辉,99870f9a-0ef4-4098-a51f-1c8ff8c09381,0928 贾庆林表示　日方应认识事态严重性　避免对中日关系造成更大损害,9c3db09c-25eb-4d98-aece-75d8822ec146,张辉,99870f9a-0ef4-4098-a51f-1c8ff8c09381
 张辉,99870f9a-0ef4-4098-a51f-1c8ff8c09381,0927 中国发改委官员表示　中国企业海外投资要服务于国家战略,dfd1d45b-1bc8-4055-9bf3-5e362f9ed97d,张辉,99870f9a-0ef4-4098-a51f-1c8ff8c09381
 张辉,99870f9a-0ef4-4098-a51f-1c8ff8c09381,0927 ja,9815f907-e3c4-4ca7-833b-cd9bcc8eae5f,张辉,99870f9a-0ef4-4098-a51f-1c8ff8c09381
 张辉,99870f9a-0ef4-4098-a51f-1c8ff8c09381,0926 中国首艘航母舰长确定 交付海军后任务明确,0c40a756-93fd-4a1e-a3a0-0255a51fddca,张辉,99870f9a-0ef4-4098-a51f-1c8ff8c09381
 张辉,99870f9a-0ef4-4098-a51f-1c8ff8c09381,0925 《录音报道》国家能源局前局长：政治因素成中国能源企业海外并购最大风险,8222feab-c8f6-4d3d-8204-de62e9b883e7,张辉,99870f9a-0ef4-4098-a51f-1c8ff8c09381
 张辉,99870f9a-0ef4-4098-a51f-1c8ff8c09381,0924_中国学生选择东南亚留学,c7b7378e-40f7-4d3a-933c-adb5ca5b4b3f,张辉,99870f9a-0ef4-4098-a51f-1c8ff8c09381
 张辉,99870f9a-0ef4-4098-a51f-1c8ff8c09381,0921 hangos 中国企业加快开拓中东欧市场,ef0607d5-450c-4821-80bc-ba4548163acb,张辉,99870f9a-0ef4-4098-a51f-1c8ff8c09381
 张辉,99870f9a-0ef4-4098-a51f-1c8ff8c09381,0920 hangos,58ebf76d-8858-4de4-8dbb-db4d10e26a22,张辉,99870f9a-0ef4-4098-a51f-1c8ff8c09381
 张辉,99870f9a-0ef4-4098-a51f-1c8ff8c09381,0919 hangos 温家宝今日赴比出席中欧领导人会晤 经贸合作议题引关注,1d87d2a8-6c5c-4adf-b15a-7ae69827f901,张辉,99870f9a-0ef4-4098-a51f-1c8ff8c09381
 张辉,99870f9a-0ef4-4098-a51f-1c8ff8c09381,0918 hangos,46cc5a74-bdf8-4ded-9ea5-244dd2e67104,张辉,99870f9a-0ef4-4098-a51f-1c8ff8c09381
 张辉,99870f9a-0ef4-4098-a51f-1c8ff8c09381,0917 中欧贸易摩擦可通过多边贸易体系协商解决,9b21bf97-21e5-4e2a-9878-e2b4cea30719,张辉,99870f9a-0ef4-4098-a51f-1c8ff8c09381
 张辉,99870f9a-0ef4-4098-a51f-1c8ff8c09381,0917 hangos第15次中欧领导人会晤,96c7a5e3-fb9c-435d-b4e3-f9c05b2a9361,张辉,99870f9a-0ef4-4098-a51f-1c8ff8c09381
 张辉,99870f9a-0ef4-4098-a51f-1c8ff8c09381,0914 中国第一首学堂乐歌诞生地,4a33bcb2-ae1b-4873-988d-95e7d4d9463b,张辉,99870f9a-0ef4-4098-a51f-1c8ff8c09381
 张辉,99870f9a-0ef4-4098-a51f-1c8ff8c09381,0913 草原之魂再现民族交响乐完美之作,c334791e-2399-4577-a79a-30edb5a2eee4,张辉,99870f9a-0ef4-4098-a51f-1c8ff8c09381
 张辉,99870f9a-0ef4-4098-a51f-1c8ff8c09381,0910 中国经济增长与低碳生活,f2134fc0-166e-4566-8394-79a01ecbce21,张辉,99870f9a-0ef4-4098-a51f-1c8ff8c09381
 张辉,99870f9a-0ef4-4098-a51f-1c8ff8c09381,0903 消费者期待新旅游法出台,09a562b3-cd6a-4ffc-803d-83ec075d2db5,张辉,99870f9a-0ef4-4098-a51f-1c8ff8c09381
 张辉,99870f9a-0ef4-4098-a51f-1c8ff8c09381,0831 郑秋枫著名中国近代作曲家,d745e8e4-3181-49df-a7c1-06037ff76140,张辉,99870f9a-0ef4-4098-a51f-1c8ff8c09381
 张辉,99870f9a-0ef4-4098-a51f-1c8ff8c09381,0830 与体育结缘的中国著名作曲家徐沛东,76a6c05c-9b0d-4148-906b-5d445a5521f6,张辉,99870f9a-0ef4-4098-a51f-1c8ff8c09381
 张辉,99870f9a-0ef4-4098-a51f-1c8ff8c09381,0829 谷建芬作品赏析,a7dba515-9dbd-4621-af2a-09d0df4e891c,张辉,99870f9a-0ef4-4098-a51f-1c8ff8c09381
 张辉,99870f9a-0ef4-4098-a51f-1c8ff8c09381,0828 国家一级作曲家王立平,b547f9ab-cede-4b6e-b6ce-81730ad9bbc4,张辉,99870f9a-0ef4-4098-a51f-1c8ff8c09381
 张辉,99870f9a-0ef4-4098-a51f-1c8ff8c09381,0827 王酩中国近代作曲家,d34d5be2-dfc7-4588-9b31-1fef757250d1,张辉,99870f9a-0ef4-4098-a51f-1c8ff8c09381
 张辉,99870f9a-0ef4-4098-a51f-1c8ff8c09381,0827 更多普通百姓加入保护文化遗产的行列,a2716588-0794-4c3e-9534-64cc1b1c9442,张辉,99870f9a-0ef4-4098-a51f-1c8ff8c09381
 张辉,99870f9a-0ef4-4098-a51f-1c8ff8c09381,0820 中国将出台更多食品安全措施,de87f04c-f373-440c-83f6-a88a2c5b2747,张辉,99870f9a-0ef4-4098-a51f-1c8ff8c09381
 张辉,99870f9a-0ef4-4098-a51f-1c8ff8c09381,0817 hangos2,8d1fc466-2bc6-4ec1-a7c2-3396fc72d124,张辉,99870f9a-0ef4-4098-a51f-1c8ff8c09381
 张辉,99870f9a-0ef4-4098-a51f-1c8ff8c09381,0817 hangos1,5f42c2af-c2b4-450a-9266-224a6a4a77a9,张辉,99870f9a-0ef4-4098-a51f-1c8ff8c09381
 张辉,99870f9a-0ef4-4098-a51f-1c8ff8c09381,0815 hangos2,9a158727-9369-4e6d-b040-5be688283613,张辉,99870f9a-0ef4-4098-a51f-1c8ff8c09381
 张辉,99870f9a-0ef4-4098-a51f-1c8ff8c09381,0815 hangos1,8ed87ae4-0ce0-40e4-ad62-3e99e83cb322,张辉,99870f9a-0ef4-4098-a51f-1c8ff8c09381
 张辉,99870f9a-0ef4-4098-a51f-1c8ff8c09381,秋萍采访,85ed15e3-1f2e-41bb-aa8d-de6a93392e24,张辉,99870f9a-0ef4-4098-a51f-1c8ff8c09381
 张辉,99870f9a-0ef4-4098-a51f-1c8ff8c09381,0813 烟草公司居然获得生态贡献奖,2c525bee-26f6-4dfc-8f5c-f3136c2f7f4a,张辉,99870f9a-0ef4-4098-a51f-1c8ff8c09381
 张辉,99870f9a-0ef4-4098-a51f-1c8ff8c09381,0803HH-k,4a238a65-dd1d-46d3-8698-f47b1e0ea607,张辉,99870f9a-0ef4-4098-a51f-1c8ff8c09381
 张辉,99870f9a-0ef4-4098-a51f-1c8ff8c09381,0802Hangoshir-kinai,0394b357-7512-4b58-8791-37419cce34b5,张辉,99870f9a-0ef4-4098-a51f-1c8ff8c09381
 张辉,99870f9a-0ef4-4098-a51f-1c8ff8c09381,0806 中匈文化和教育交流将更出彩,a5df3b2a-1e76-4bc7-a47e-a0c2c07a8f04,张辉,99870f9a-0ef4-4098-a51f-1c8ff8c09381
 张辉,99870f9a-0ef4-4098-a51f-1c8ff8c09381,0731 hangos1,ff96d76d-7fb1-4374-b8ca-2f1242f5328f,张辉,99870f9a-0ef4-4098-a51f-1c8ff8c09381
 张辉,99870f9a-0ef4-4098-a51f-1c8ff8c09381,0731 hangos2,b3f13b8b-6c09-4e0e-a7ef-68cfe02e4f81,张辉,99870f9a-0ef4-4098-a51f-1c8ff8c09381
 张辉,99870f9a-0ef4-4098-a51f-1c8ff8c09381,0730 hangos1,14a536fd-9160-426c-a99a-05b29fd04773,张辉,99870f9a-0ef4-4098-a51f-1c8ff8c09381
 张辉,99870f9a-0ef4-4098-a51f-1c8ff8c09381,0730 中国稀土主产区将施行监管联动,74f578e4-8b08-436c-b112-6afbea4c1b59,张辉,99870f9a-0ef4-4098-a51f-1c8ff8c09381
 张辉,99870f9a-0ef4-4098-a51f-1c8ff8c09381,0723 匈牙利青年代表团团长专访,88721972-ab14-46e3-9791-673c8fc2ee08,张辉,99870f9a-0ef4-4098-a51f-1c8ff8c09381
 张辉,99870f9a-0ef4-4098-a51f-1c8ff8c09381,0720 中国近代作曲家、指挥家郑志声,def82269-7f9e-4351-8e28-dac781a6046e,张辉,99870f9a-0ef4-4098-a51f-1c8ff8c09381
 张辉,99870f9a-0ef4-4098-a51f-1c8ff8c09381,0719 延安著名作曲家郑律成,d009f132-080e-4ac5-b307-9744a4de37e1,张辉,99870f9a-0ef4-4098-a51f-1c8ff8c09381
 张辉,99870f9a-0ef4-4098-a51f-1c8ff8c09381,0718 张寒晖中国近代词作家,6f0a565e-3116-4463-860b-480cc7346db9,张辉,99870f9a-0ef4-4098-a51f-1c8ff8c09381
 张辉,99870f9a-0ef4-4098-a51f-1c8ff8c09381,0717 中国近代作曲家江文也,5b172ebe-aa0a-49e5-8211-dda6d88b2c04,张辉,99870f9a-0ef4-4098-a51f-1c8ff8c09381
 张辉,99870f9a-0ef4-4098-a51f-1c8ff8c09381,0716 江定仙作品赏析 Jiang Dingxian,de11f5e6-0f86-49c7-aaea-aaef5136e0bd,张辉,99870f9a-0ef4-4098-a51f-1c8ff8c09381
 张辉,99870f9a-0ef4-4098-a51f-1c8ff8c09381,0716_中国国家博物馆百年华诞看国博,bc679362-369a-425b-89ec-9816269df62a,张辉,99870f9a-0ef4-4098-a51f-1c8ff8c09381
 张辉,99870f9a-0ef4-4098-a51f-1c8ff8c09381,0711 hir,f8c5bd9c-cda7-4e67-8735-42dc71fffd37,张辉,99870f9a-0ef4-4098-a51f-1c8ff8c09381
 张辉,99870f9a-0ef4-4098-a51f-1c8ff8c09381,0710 hangos2,83f3c6db-b65c-4c3f-b8db-46165c120fd6,张辉,99870f9a-0ef4-4098-a51f-1c8ff8c09381
 张辉,99870f9a-0ef4-4098-a51f-1c8ff8c09381,0710 hangos1,1cf95610-39d2-426a-9d8b-17f7ddd2b2e9,张辉,99870f9a-0ef4-4098-a51f-1c8ff8c09381
 张辉,99870f9a-0ef4-4098-a51f-1c8ff8c09381,0709 中国电影进入黄金发展期,b728c61f-5d09-40b0-934b-1f7862b61f50,张辉,99870f9a-0ef4-4098-a51f-1c8ff8c09381
 张辉,99870f9a-0ef4-4098-a51f-1c8ff8c09381,0702 布达佩斯与北京成为姊妹城市,b06254a3-e48d-4387-b987-1bbb687192c5,张辉,99870f9a-0ef4-4098-a51f-1c8ff8c09381
 张辉,99870f9a-0ef4-4098-a51f-1c8ff8c09381,0628 烟雨唱扬州,d7496782-6c4c-47e4-bda8-e80d9297f5de,张辉,99870f9a-0ef4-4098-a51f-1c8ff8c09381
 张辉,99870f9a-0ef4-4098-a51f-1c8ff8c09381,0629_中国鼓乐传奇,f63cc02e-a1db-48bb-9e11-10f0ff711a23,张辉,99870f9a-0ef4-4098-a51f-1c8ff8c09381
 张辉,99870f9a-0ef4-4098-a51f-1c8ff8c09381,0627 二胡和骨笛的故事,7a070526-46c2-4814-b1cd-69e767ba8de6,张辉,99870f9a-0ef4-4098-a51f-1c8ff8c09381
 张辉,99870f9a-0ef4-4098-a51f-1c8ff8c09381,0626 彝族音乐赏析,80749663-da2a-4fcb-924f-afe3262ad9ea,张辉,99870f9a-0ef4-4098-a51f-1c8ff8c09381
 张辉,99870f9a-0ef4-4098-a51f-1c8ff8c09381,0625 侗族歌曲,4ed5267c-06f2-45ff-a82f-30a0d00ea171,张辉,99870f9a-0ef4-4098-a51f-1c8ff8c09381
 张辉,99870f9a-0ef4-4098-a51f-1c8ff8c09381,0625 中国令人瞩目的建筑,b4db2ee5-22be-443c-b4fe-42f4b0c6ed52,张辉,99870f9a-0ef4-4098-a51f-1c8ff8c09381
 张辉,99870f9a-0ef4-4098-a51f-1c8ff8c09381,0623 一周新闻,7e899a82-022f-43c3-8f5f-72162c17a34f,张辉,99870f9a-0ef4-4098-a51f-1c8ff8c09381
 张辉,99870f9a-0ef4-4098-a51f-1c8ff8c09381,0620,803a55ad-cef1-4996-b756-9deeac41ed17,张辉,99870f9a-0ef4-4098-a51f-1c8ff8c09381
 张辉,99870f9a-0ef4-4098-a51f-1c8ff8c09381,06192,79bc787a-b469-4eca-8486-8980233019f5,张辉,99870f9a-0ef4-4098-a51f-1c8ff8c09381
 张辉,99870f9a-0ef4-4098-a51f-1c8ff8c09381,06191,31894bdf-8d15-4506-af0b-476c42d0b734,张辉,99870f9a-0ef4-4098-a51f-1c8ff8c09381
 张辉,99870f9a-0ef4-4098-a51f-1c8ff8c09381,06180618 北京公益联盟创始人郭勇,b1065d64-bfa5-41ed-8c1d-518485f3e42f,张辉,99870f9a-0ef4-4098-a51f-1c8ff8c09381
 张辉,99870f9a-0ef4-4098-a51f-1c8ff8c09381,0611 中国妈妈海外奶粉抢购战,da219c6d-8f15-4faf-8a1b-324c925e1f9e,张辉,99870f9a-0ef4-4098-a51f-1c8ff8c09381
 张辉,99870f9a-0ef4-4098-a51f-1c8ff8c09381,0604_那些感动中国的人们,78bb6836-a9e9-4456-bd56-6ac0c1b7fb03,张辉,99870f9a-0ef4-4098-a51f-1c8ff8c09381
 张辉,99870f9a-0ef4-4098-a51f-1c8ff8c09381,刘雪庵，现代著名作曲家,566d504b-4912-4585-b3f2-224d709f55f9,张辉,99870f9a-0ef4-4098-a51f-1c8ff8c09381
 张辉,99870f9a-0ef4-4098-a51f-1c8ff8c09381,贺绿汀，中国杰出作曲家,c23308c1-813a-4617-9fd2-215356d273a2,张辉,99870f9a-0ef4-4098-a51f-1c8ff8c09381
 张辉,99870f9a-0ef4-4098-a51f-1c8ff8c09381,吕骥 中国革命音乐家,4c0b5d40-d1c1-4c8c-8f9c-904e46b3b45d,张辉,99870f9a-0ef4-4098-a51f-1c8ff8c09381
 张辉,99870f9a-0ef4-4098-a51f-1c8ff8c09381,0529 应尚能，中国近代音乐家,1ba9caa0-d097-47b5-a58e-9f5cf27b79fc,张辉,99870f9a-0ef4-4098-a51f-1c8ff8c09381
 张辉,99870f9a-0ef4-4098-a51f-1c8ff8c09381,0528_金星，一位不寻常的中国舞蹈家,66ea86fe-8e2d-45cb-a125-2bc42b792cfa,张辉,99870f9a-0ef4-4098-a51f-1c8ff8c09381
 张辉,99870f9a-0ef4-4098-a51f-1c8ff8c09381,周淑安——我国第一个女作曲家,b1f4d44d-cc12-4d98-8a17-4086ae078a3c,张辉,99870f9a-0ef4-4098-a51f-1c8ff8c09381
 张辉,99870f9a-0ef4-4098-a51f-1c8ff8c09381,69696,394f8661-ea1b-4319-acbd-a49bd1992e55,张辉,99870f9a-0ef4-4098-a51f-1c8ff8c09381
 张辉,99870f9a-0ef4-4098-a51f-1c8ff8c09381,0521 抢救大熊猫龙龙,54b4102f-6a9e-4e1c-8a86-8b6dbf9d0e3b,张辉,99870f9a-0ef4-4098-a51f-1c8ff8c09381
 张辉,99870f9a-0ef4-4098-a51f-1c8ff8c09381,0514_janos_中国公司的海外并购,55c473c1-69bd-48ab-90ce-e48244bcba93,张辉,99870f9a-0ef4-4098-a51f-1c8ff8c09381
 张辉,99870f9a-0ef4-4098-a51f-1c8ff8c09381,著名作家作曲家黎锦晖,f3055086-72a4-4f9f-a52b-ae1b378aa45c,张辉,99870f9a-0ef4-4098-a51f-1c8ff8c09381
 张辉,99870f9a-0ef4-4098-a51f-1c8ff8c09381,0503afgan menekultek,910b31e6-3764-481f-aefd-205206e07a00,张辉,99870f9a-0ef4-4098-a51f-1c8ff8c09381
 张辉,99870f9a-0ef4-4098-a51f-1c8ff8c09381,中国近代作曲家青主,ea8ecc92-5a65-48e9-b843-21ce1639da2b,张辉,99870f9a-0ef4-4098-a51f-1c8ff8c09381
 张辉,99870f9a-0ef4-4098-a51f-1c8ff8c09381,赵元任-近代中国作曲家,c6449295-467d-4bc1-bc43-d25b6d99f443,张辉,99870f9a-0ef4-4098-a51f-1c8ff8c09381
 张辉,99870f9a-0ef4-4098-a51f-1c8ff8c09381,0430音乐皇帝唐玄宗,4bc8f103-d157-45e3-98af-d24c6c6419a5,张辉,99870f9a-0ef4-4098-a51f-1c8ff8c09381
 张辉,99870f9a-0ef4-4098-a51f-1c8ff8c09381,0430 李克强访匈特别节目——中匈政治经济文化大发展,0162bfbc-9cab-4998-a0a6-78b8d60d3f34,张辉,99870f9a-0ef4-4098-a51f-1c8ff8c09381
 张辉,99870f9a-0ef4-4098-a51f-1c8ff8c09381,0507北京治理环境新标准已经取得一定成,c1ed110d-ec09-46f6-a8af-aeb4a8d7feef,张辉,99870f9a-0ef4-4098-a51f-1c8ff8c09381
 张辉,99870f9a-0ef4-4098-a51f-1c8ff8c09381,0423weichen,d31b3dbd-5eae-47b8-a44a-8a2b0bcbd937,张辉,99870f9a-0ef4-4098-a51f-1c8ff8c09381
 张辉,99870f9a-0ef4-4098-a51f-1c8ff8c09381,0423一汽红旗品牌第三度复兴之路,c67926af-136c-4064-8fa4-780a2c7bf07d,张辉,99870f9a-0ef4-4098-a51f-1c8ff8c09381
 张辉,99870f9a-0ef4-4098-a51f-1c8ff8c09381,0423nemismerifelanagyembertFERI,eacd3e63-d90c-4ed8-a34d-4f621579347d,张辉,99870f9a-0ef4-4098-a51f-1c8ff8c09381
 张辉,99870f9a-0ef4-4098-a51f-1c8ff8c09381,0423kinaesatarsadalomFERIok,10fac61d-7623-4328-9058-0dec47525c97,张辉,99870f9a-0ef4-4098-a51f-1c8ff8c09381
 张辉,99870f9a-0ef4-4098-a51f-1c8ff8c09381,0430_hangosmagazin_V,4c2bd098-240d-4893-adb2-72b75137fac7,张辉,99870f9a-0ef4-4098-a51f-1c8ff8c09381
 张辉,99870f9a-0ef4-4098-a51f-1c8ff8c09381,0423_hangosmagazin_V,fd820770-9f17-436a-a68c-978c9146b80f,张辉,99870f9a-0ef4-4098-a51f-1c8ff8c09381
 张辉,99870f9a-0ef4-4098-a51f-1c8ff8c09381,0423_hangos_V,2243a104-e52f-4089-8b1a-5d40e3463f81,张辉,99870f9a-0ef4-4098-a51f-1c8ff8c09381
 张辉,99870f9a-0ef4-4098-a51f-1c8ff8c09381,0423hangosmagazinivan_kinaegyretobbkoolaj,8a2a9ae7-2a96-44f7-959b-c4f370359b5e,张辉,99870f9a-0ef4-4098-a51f-1c8ff8c09381
 张辉,99870f9a-0ef4-4098-a51f-1c8ff8c09381,0423 kulKinaiPompeii,8b67432f-cd59-46f6-a34c-3d3480715a90,张辉,99870f9a-0ef4-4098-a51f-1c8ff8c09381
 张辉,99870f9a-0ef4-4098-a51f-1c8ff8c09381,0416_中国建造最大射电望远镜,0151aa00-3165-4975-b45a-605b12273519,张辉,99870f9a-0ef4-4098-a51f-1c8ff8c09381
 张辉,99870f9a-0ef4-4098-a51f-1c8ff8c09381,0412禅院心声中国禅乐,ad2c598c-c376-4b08-857a-9af235655358,张辉,99870f9a-0ef4-4098-a51f-1c8ff8c09381
 张辉,99870f9a-0ef4-4098-a51f-1c8ff8c09381,0411短民歌,aa5d0ddd-fede-475b-8977-cfc609c345db,张辉,99870f9a-0ef4-4098-a51f-1c8ff8c09381
 张辉,99870f9a-0ef4-4098-a51f-1c8ff8c09381,自由抒情的山歌,22dd4fa8-d441-48c9-871c-b6bdd000730b,张辉,99870f9a-0ef4-4098-a51f-1c8ff8c09381
 张辉,99870f9a-0ef4-4098-a51f-1c8ff8c09381,中国传统音乐发展简介,c7b6b934-fd28-44fc-a2d4-a728d1213bc9,张辉,99870f9a-0ef4-4098-a51f-1c8ff8c09381
 张辉,99870f9a-0ef4-4098-a51f-1c8ff8c09381,0409-爱暖童心工程治愈病童,7b4d93d7-8cd0-4de3-a52a-4acf5da7bc0c,张辉,99870f9a-0ef4-4098-a51f-1c8ff8c09381
 张辉,99870f9a-0ef4-4098-a51f-1c8ff8c09381,微博拉近我们与两会的距离（媒体篇）,22324497-b3a8-46af-9945-7081041a4cab,张辉,99870f9a-0ef4-4098-a51f-1c8ff8c09381
 张辉,99870f9a-0ef4-4098-a51f-1c8ff8c09381,0316 laci,2cb5622c-f530-4f1e-adb7-8f1613c0bb8f,张辉,99870f9a-0ef4-4098-a51f-1c8ff8c09381
 张辉,99870f9a-0ef4-4098-a51f-1c8ff8c09381,0312luyin,d151faef-24bb-4a74-9202-974c73d0f4e7,张辉,99870f9a-0ef4-4098-a51f-1c8ff8c09381
 张辉,99870f9a-0ef4-4098-a51f-1c8ff8c09381,0307 KantoniVasar ferfi,35b77491-c175-4ff9-8f0a-e988cf35a526,张辉,99870f9a-0ef4-4098-a51f-1c8ff8c09381
 张辉,99870f9a-0ef4-4098-a51f-1c8ff8c09381,0307 Laci2,c1795d5c-ef50-49ec-a0a7-6d53bd865841,张辉,99870f9a-0ef4-4098-a51f-1c8ff8c09381
 张辉,99870f9a-0ef4-4098-a51f-1c8ff8c09381,0307 Laci1,3efbc60e-008d-4d42-b4ee-39445df8b91a,张辉,99870f9a-0ef4-4098-a51f-1c8ff8c09381
 张辉,99870f9a-0ef4-4098-a51f-1c8ff8c09381,0307 kinai,521f8ce9-6149-4f8b-979c-f068470bc8cd,张辉,99870f9a-0ef4-4098-a51f-1c8ff8c09381
 张辉,99870f9a-0ef4-4098-a51f-1c8ff8c09381,微博看两会二,1535a799-7609-49da-9db1-9620f5ed44c0,张辉,99870f9a-0ef4-4098-a51f-1c8ff8c09381
 张辉,99870f9a-0ef4-4098-a51f-1c8ff8c09381,初出茅庐+望子成龙,b5cab5d3-a60b-445b-95e2-f454822e7938,张辉,99870f9a-0ef4-4098-a51f-1c8ff8c09381
 张辉,99870f9a-0ef4-4098-a51f-1c8ff8c09381,新疆“乐器皇后”艾捷克,09de692e-5f24-41e7-9dfb-86bbc524cfdc,张辉,99870f9a-0ef4-4098-a51f-1c8ff8c09381
 张辉,99870f9a-0ef4-4098-a51f-1c8ff8c09381,佘永生的葫芦丝情结,81c99dc7-8d10-4315-bbb4-1728056dc7ce,张辉,99870f9a-0ef4-4098-a51f-1c8ff8c09381
 张辉,99870f9a-0ef4-4098-a51f-1c8ff8c09381,芦笙是我的生命 走近“芦笙王”杨正平,98de0216-fca2-4067-a8ef-eb63c27457ed,张辉,99870f9a-0ef4-4098-a51f-1c8ff8c09381
 张辉,99870f9a-0ef4-4098-a51f-1c8ff8c09381,葫芦丝王子李春华,f53d1885-4bad-4d4f-af9a-6462dc42c75f,张辉,99870f9a-0ef4-4098-a51f-1c8ff8c09381
 张辉,99870f9a-0ef4-4098-a51f-1c8ff8c09381,哈萨克民族乐器冬不拉与阿肯弹唱,e7acde0e-da9c-4970-8f55-a70561203116,张辉,99870f9a-0ef4-4098-a51f-1c8ff8c09381
 张辉,99870f9a-0ef4-4098-a51f-1c8ff8c09381,美丽的静波湖,ff745b09-4bbd-44a9-9116-0d53a3dd6bbe,张辉,99870f9a-0ef4-4098-a51f-1c8ff8c09381
 张辉,99870f9a-0ef4-4098-a51f-1c8ff8c09381,虎皮酿淮椒+淮阳炒虾碰,832681ac-b33f-40b1-ae6a-23ef93631ebb,张辉,99870f9a-0ef4-4098-a51f-1c8ff8c09381
 张辉,99870f9a-0ef4-4098-a51f-1c8ff8c09381,中国车市是否能够回暖,f5a72119-5dec-460c-a74c-adfd6baefbed,张辉,99870f9a-0ef4-4098-a51f-1c8ff8c09381
 张辉,99870f9a-0ef4-4098-a51f-1c8ff8c09381,云南省推广自身文化产品,bd4fdea0-f97a-49ee-bb28-f27546b28b77,张辉,99870f9a-0ef4-4098-a51f-1c8ff8c09381
 张辉,99870f9a-0ef4-4098-a51f-1c8ff8c09381,西藏特色产业和西藏新农村建设,49ba8a67-86c5-4e2b-935d-33990e0d4937,张辉,99870f9a-0ef4-4098-a51f-1c8ff8c09381
 张辉,99870f9a-0ef4-4098-a51f-1c8ff8c09381,走马镇民间故事,945b8590-f150-47f8-83ea-5f85e29c0c21,张辉,99870f9a-0ef4-4098-a51f-1c8ff8c09381
 张辉,99870f9a-0ef4-4098-a51f-1c8ff8c09381,德国向中国求援，中国将主导第三次全球化浪潮,c4d9e3f3-21f1-414a-ad6a-22730111f9e6,张辉,99870f9a-0ef4-4098-a51f-1c8ff8c09381
 张辉,99870f9a-0ef4-4098-a51f-1c8ff8c09381,中国无线通讯高速发展,c14bfd8b-ec2d-4645-97f3-4e4e39a03b18,张辉,99870f9a-0ef4-4098-a51f-1c8ff8c09381
 张辉,99870f9a-0ef4-4098-a51f-1c8ff8c09381,一周新闻综述0129-0203,3012d30b-fb16-4890-b4ea-1a2d25309d87,张辉,99870f9a-0ef4-4098-a51f-1c8ff8c09381
 张辉,99870f9a-0ef4-4098-a51f-1c8ff8c09381,0202caifangkkaisa,2dbf2235-1766-47ba-9970-8a662da9b064,张辉,99870f9a-0ef4-4098-a51f-1c8ff8c09381
 张辉,99870f9a-0ef4-4098-a51f-1c8ff8c09381,新闻综述第一部分,7b39e225-9a28-4739-b04f-6619fd70eeca,张辉,99870f9a-0ef4-4098-a51f-1c8ff8c09381
 张辉,99870f9a-0ef4-4098-a51f-1c8ff8c09381,传统音乐家单增确杰,398433d1-f2ce-4c91-ad17-211ad6dbbff8,张辉,99870f9a-0ef4-4098-a51f-1c8ff8c09381
 张辉,99870f9a-0ef4-4098-a51f-1c8ff8c09381,迎春接福,97ae3df4-4728-4649-a334-2fd596d00434,张辉,99870f9a-0ef4-4098-a51f-1c8ff8c09381
 张辉,99870f9a-0ef4-4098-a51f-1c8ff8c09381,软兜长鱼+清汤素鱼圆,a04c2617-f82b-4b4a-87d0-9367be22b18b,张辉,99870f9a-0ef4-4098-a51f-1c8ff8c09381
 张辉,99870f9a-0ef4-4098-a51f-1c8ff8c09381,唢呐名家演奏的乐曲,a1b5031e-c20d-467f-8bfa-8d7406cc9e3d,张辉,99870f9a-0ef4-4098-a51f-1c8ff8c09381
 张辉,99870f9a-0ef4-4098-a51f-1c8ff8c09381,春节特别节目——白色篇,82a1eba7-19c0-464a-97ed-ed26f92acdfd,张辉,99870f9a-0ef4-4098-a51f-1c8ff8c09381
 张辉,99870f9a-0ef4-4098-a51f-1c8ff8c09381,作曲家何占豪,8ab501d8-589c-4bfd-8eaf-cdf25056beb2,张辉,99870f9a-0ef4-4098-a51f-1c8ff8c09381
 张辉,99870f9a-0ef4-4098-a51f-1c8ff8c09381,中国的苏州园林,d8615bc9-ab6d-42c9-9d79-4f7645974151,张辉,99870f9a-0ef4-4098-a51f-1c8ff8c09381
 张辉,99870f9a-0ef4-4098-a51f-1c8ff8c09381,颐指气使+世外桃源,b4214da2-415b-4917-aad3-6de3cb48d53b,张辉,99870f9a-0ef4-4098-a51f-1c8ff8c09381
 张辉,99870f9a-0ef4-4098-a51f-1c8ff8c09381,中国文化体制改革步伐加快成效明显,b3a81ace-2621-4dc5-803b-e61ee3c47bcf,张辉,99870f9a-0ef4-4098-a51f-1c8ff8c09381
 张辉,99870f9a-0ef4-4098-a51f-1c8ff8c09381,中国著名作曲家李焕之,48f47c6b-f330-4e69-b38e-2f25ac5b2135,张辉,99870f9a-0ef4-4098-a51f-1c8ff8c09381
 张辉,99870f9a-0ef4-4098-a51f-1c8ff8c09381,历届文化部春节电视晚会节目精选,891e9657-ec1f-443b-81eb-6eeee4c1ae78,张辉,99870f9a-0ef4-4098-a51f-1c8ff8c09381
 张辉,99870f9a-0ef4-4098-a51f-1c8ff8c09381,潮州音乐欣赏,166f9ac5-2bf8-46fe-98de-88cda4cb19fb,张辉,99870f9a-0ef4-4098-a51f-1c8ff8c09381
 张辉,99870f9a-0ef4-4098-a51f-1c8ff8c09381,古筝演奏家赵曼琴,d43fd528-d0e0-41aa-94df-a3999dfd2b30,张辉,99870f9a-0ef4-4098-a51f-1c8ff8c09381
 张辉,99870f9a-0ef4-4098-a51f-1c8ff8c09381,孙颖迪——中国的青年原色李斯特,a4171e94-3572-4ffc-9a1a-59d9c48b2582,张辉,99870f9a-0ef4-4098-a51f-1c8ff8c09381
 张辉,99870f9a-0ef4-4098-a51f-1c8ff8c09381,1227gazdasag,dbf26a3a-762e-40e0-8d59-d46a2808ad29,张辉,99870f9a-0ef4-4098-a51f-1c8ff8c09381
 张辉,99870f9a-0ef4-4098-a51f-1c8ff8c09381,1227hir,51958495-6604-4f17-ac7b-ff885ac08abd,张辉,99870f9a-0ef4-4098-a51f-1c8ff8c09381
 张辉,99870f9a-0ef4-4098-a51f-1c8ff8c09381,李玲玲扬琴,c5a30243-3077-48bd-bbf4-4ad357c93647,张辉,99870f9a-0ef4-4098-a51f-1c8ff8c09381
 张辉,99870f9a-0ef4-4098-a51f-1c8ff8c09381,1227 kinai,9ca483f6-8e53-4092-b0c8-ffa1eb25f121,张辉,99870f9a-0ef4-4098-a51f-1c8ff8c09381
 张辉,99870f9a-0ef4-4098-a51f-1c8ff8c09381,lilingling,4d7e10f1-3e13-4ef7-892a-f72dc35bf3ac,张辉,99870f9a-0ef4-4098-a51f-1c8ff8c09381
 张辉,99870f9a-0ef4-4098-a51f-1c8ff8c09381,sunyingdi_imre,5d9c8de0-4a75-41ae-b424-3c747bb3b0bb,张辉,99870f9a-0ef4-4098-a51f-1c8ff8c09381
 张辉,99870f9a-0ef4-4098-a51f-1c8ff8c09381,1227 Laci2,27b4e592-a813-4582-9910-f868d46e6cc4,张辉,99870f9a-0ef4-4098-a51f-1c8ff8c09381
 张辉,99870f9a-0ef4-4098-a51f-1c8ff8c09381,1227 Laci1,3491ee88-1278-456c-baa2-b9fdeba8fd1b,张辉,99870f9a-0ef4-4098-a51f-1c8ff8c09381
 张辉,99870f9a-0ef4-4098-a51f-1c8ff8c09381,1227 sunyingdi laci,6ae53e91-5551-47c7-bb78-adb2ed9f7940,张辉,99870f9a-0ef4-4098-a51f-1c8ff8c09381
 张辉,99870f9a-0ef4-4098-a51f-1c8ff8c09381,1226 kinai,e5b86088-8945-47ec-92e5-cd2f4f823079,张辉,99870f9a-0ef4-4098-a51f-1c8ff8c09381
 张辉,99870f9a-0ef4-4098-a51f-1c8ff8c09381,隔岸观火,9c9138fe-4907-4aef-a189-714690495f47,张辉,99870f9a-0ef4-4098-a51f-1c8ff8c09381
 张辉,99870f9a-0ef4-4098-a51f-1c8ff8c09381,鲜蘑鸭掌和西湖醋鱼,10954571-e590-4daa-ab05-e315eca78a04,张辉,99870f9a-0ef4-4098-a51f-1c8ff8c09381
 张辉,99870f9a-0ef4-4098-a51f-1c8ff8c09381,1226_janos_kozmondas,21a26d59-794d-4398-8b87-8cc0e365c572,张辉,99870f9a-0ef4-4098-a51f-1c8ff8c09381
 张辉,99870f9a-0ef4-4098-a51f-1c8ff8c09381,作曲家陈钢和他的音乐,35bff327-d787-4777-b2cb-10bbba692c06,张辉,99870f9a-0ef4-4098-a51f-1c8ff8c09381
 张辉,99870f9a-0ef4-4098-a51f-1c8ff8c09381,chengang,45d8acd8-63e9-43d8-b4e3-cf3d078b1905,张辉,99870f9a-0ef4-4098-a51f-1c8ff8c09381
 张辉,99870f9a-0ef4-4098-a51f-1c8ff8c09381,1226_agi_teahaz,923f98cc-78d6-4ea3-9f67-dd341daec7a2,张辉,99870f9a-0ef4-4098-a51f-1c8ff8c09381
 张辉,99870f9a-0ef4-4098-a51f-1c8ff8c09381,1226_agi_piantou,0ad97332-e12a-4ace-b79d-b448fe867ae2,张辉,99870f9a-0ef4-4098-a51f-1c8ff8c09381
 张辉,99870f9a-0ef4-4098-a51f-1c8ff8c09381,1226_agi_pianhua,2279fe3a-4a99-4909-a4ab-932526a37ca5,张辉,99870f9a-0ef4-4098-a51f-1c8ff8c09381
 张辉,99870f9a-0ef4-4098-a51f-1c8ff8c09381,坐火车去西藏,c0cca131-6086-4053-acab-79a0397f80ed,张辉,99870f9a-0ef4-4098-a51f-1c8ff8c09381
 张辉,99870f9a-0ef4-4098-a51f-1c8ff8c09381,1226_Laci,90776ba0-dd48-4b6c-84e5-77d44c856587,张辉,99870f9a-0ef4-4098-a51f-1c8ff8c09381
 张辉,99870f9a-0ef4-4098-a51f-1c8ff8c09381,1226_to_tibet,f54f0631-317f-428c-9c4d-4e26164a65f4,张辉,99870f9a-0ef4-4098-a51f-1c8ff8c09381
 张辉,99870f9a-0ef4-4098-a51f-1c8ff8c09381,一周新闻综述19-23,561f64d2-e423-4ed6-8a27-0753d3308b4c,张辉,99870f9a-0ef4-4098-a51f-1c8ff8c09381
 张辉,99870f9a-0ef4-4098-a51f-1c8ff8c09381,一周新闻综述开始曲,89934505-ac92-49f3-b49b-2906e3f0c590,张辉,99870f9a-0ef4-4098-a51f-1c8ff8c09381
 张辉,99870f9a-0ef4-4098-a51f-1c8ff8c09381,1221 hirossze1,49adf252-4b66-4a8c-9265-eafd82fc6e8f,张辉,99870f9a-0ef4-4098-a51f-1c8ff8c09381
 张辉,99870f9a-0ef4-4098-a51f-1c8ff8c09381,黑井古镇,c0a1bd57-cf81-4844-82fe-defdbce7c1e6,张辉,99870f9a-0ef4-4098-a51f-1c8ff8c09381
 张辉,99870f9a-0ef4-4098-a51f-1c8ff8c09381,hudec,e6f98aa6-2692-4503-868e-248da0bd3f09,张辉,99870f9a-0ef4-4098-a51f-1c8ff8c09381
 张辉,99870f9a-0ef4-4098-a51f-1c8ff8c09381,asian restr,2bfbd73e-4563-4ea8-bc21-3556b377b72a,张辉,99870f9a-0ef4-4098-a51f-1c8ff8c09381
 张辉,99870f9a-0ef4-4098-a51f-1c8ff8c09381,1212 janos,162880e2-53cb-4161-b45b-9f1f985ac8e7,张辉,99870f9a-0ef4-4098-a51f-1c8ff8c09381
 张辉,99870f9a-0ef4-4098-a51f-1c8ff8c09381,中医在国际范围得到应用,1a447225-5eed-47d2-b997-6ee33f990a56,张辉,99870f9a-0ef4-4098-a51f-1c8ff8c09381
 张辉,99870f9a-0ef4-4098-a51f-1c8ff8c09381,探访鄂温克博物馆,6417ae4d-7ac9-4573-bf46-0260be8c378e,张辉,99870f9a-0ef4-4098-a51f-1c8ff8c09381
 张辉,99870f9a-0ef4-4098-a51f-1c8ff8c09381,zhaosongting,3d5cfd24-61df-4005-ad72-2a00ef00b350,张辉,99870f9a-0ef4-4098-a51f-1c8ff8c09381
 张辉,99870f9a-0ef4-4098-a51f-1c8ff8c09381,liu_Dehai,ccf2019a-4d27-4f3a-9d5a-f46203b9c82b,张辉,99870f9a-0ef4-4098-a51f-1c8ff8c09381
 张辉,99870f9a-0ef4-4098-a51f-1c8ff8c09381,1108_yangqin janos,3cc4b228-a08d-4f79-b37b-abb890d4dd3d,张辉,99870f9a-0ef4-4098-a51f-1c8ff8c09381
 张辉,99870f9a-0ef4-4098-a51f-1c8ff8c09381,1103_wubixian,fd7550d5-685e-4d77-9cf8-dea555d4c153,张辉,99870f9a-0ef4-4098-a51f-1c8ff8c09381
 张辉,99870f9a-0ef4-4098-a51f-1c8ff8c09381,tangjunqiaowancheng,f9d0eea3-2338-4ea9-a54c-e067ba68fcd4,张辉,99870f9a-0ef4-4098-a51f-1c8ff8c09381
 张辉,99870f9a-0ef4-4098-a51f-1c8ff8c09381,zenestori-zhanghaochen,5c1055a1-b9eb-4139-9c8e-15ce598aba5f,张辉,99870f9a-0ef4-4098-a51f-1c8ff8c09381
 张辉,99870f9a-0ef4-4098-a51f-1c8ff8c09381,Pipa--zhangqiang,e623ec8f-9c58-4780-a460-abdbef270103,张辉,99870f9a-0ef4-4098-a51f-1c8ff8c09381
 张辉,99870f9a-0ef4-4098-a51f-1c8ff8c09381,0625_wen,de1fcf2c-3314-4f01-a625-a3420b9656aa,张辉,99870f9a-0ef4-4098-a51f-1c8ff8c09381
 张辉,99870f9a-0ef4-4098-a51f-1c8ff8c09381,0625ATartooszlopKiutesenekCsele,5524bbab-4b58-4b43-97e1-13f6109b048a,张辉,99870f9a-0ef4-4098-a51f-1c8ff8c09381
 张辉,99870f9a-0ef4-4098-a51f-1c8ff8c09381,0625_wen feri,7c131563-6546-483f-adc3-1dcf7753924d,张辉,99870f9a-0ef4-4098-a51f-1c8ff8c09381
 张辉,99870f9a-0ef4-4098-a51f-1c8ff8c09381,0615zhangyuncheng,ce22f0fc-39a4-4ce4-a384-01cec861d1f0,张辉,99870f9a-0ef4-4098-a51f-1c8ff8c09381
 张辉,99870f9a-0ef4-4098-a51f-1c8ff8c09381,0613ZhuYingAsuonanoimestere,bc65bb69-681a-4bcc-8c7d-551d04054925,张辉,99870f9a-0ef4-4098-a51f-1c8ff8c09381
 张辉,99870f9a-0ef4-4098-a51f-1c8ff8c09381,0613MengWeidong,aae7b5be-dca0-4911-a3e2-b49a2bd49478,张辉,99870f9a-0ef4-4098-a51f-1c8ff8c09381
 张辉,99870f9a-0ef4-4098-a51f-1c8ff8c09381,0613ZhuYingASuonaNoiMestere,9cb1d1f2-c9a9-4163-b86f-20b776a7ef4f,张辉,99870f9a-0ef4-4098-a51f-1c8ff8c09381
 张辉,99870f9a-0ef4-4098-a51f-1c8ff8c09381,matouqinb,6127d280-400d-48ad-9ae0-f1bf9613c2ca,张辉,99870f9a-0ef4-4098-a51f-1c8ff8c09381
 张辉,99870f9a-0ef4-4098-a51f-1c8ff8c09381,matouqin,099e9b0f-9a7b-442c-b535-f5aea7dcb266,张辉,99870f9a-0ef4-4098-a51f-1c8ff8c09381
 张辉,99870f9a-0ef4-4098-a51f-1c8ff8c09381,kurouji,cf11592c-048b-4066-a0b2-264bcbd9d05a,张辉,99870f9a-0ef4-4098-a51f-1c8ff8c09381
 张辉,99870f9a-0ef4-4098-a51f-1c8ff8c09381,0525noizeneszek,76b7fec0-db4e-4546-b841-e2e7489f69fe,张辉,99870f9a-0ef4-4098-a51f-1c8ff8c09381
 张辉,99870f9a-0ef4-4098-a51f-1c8ff8c09381,20110520fujiantulou,1615e888-a5cd-48d8-8b05-1fad2612af6c,张辉,99870f9a-0ef4-4098-a51f-1c8ff8c09381
 张辉,99870f9a-0ef4-4098-a51f-1c8ff8c09381,110519yungangbarlang,3bf6c5cf-a90c-4bec-903b-cafca8838730,张辉,99870f9a-0ef4-4098-a51f-1c8ff8c09381
 张辉,99870f9a-0ef4-4098-a51f-1c8ff8c09381,20110519Senyangmuzeu,19d8ff5b-df18-4b99-b70f-8a52a9eb99be,张辉,99870f9a-0ef4-4098-a51f-1c8ff8c09381
 张辉,99870f9a-0ef4-4098-a51f-1c8ff8c09381,zhoukoudian,c1bec4c6-f360-425b-9a2b-517f8029b152,张辉,99870f9a-0ef4-4098-a51f-1c8ff8c09381
 张辉,99870f9a-0ef4-4098-a51f-1c8ff8c09381,0316a,de13dac6-c18b-4d3e-bcf6-e8d81c6fd08e,张辉,99870f9a-0ef4-4098-a51f-1c8ff8c09381
 张辉,99870f9a-0ef4-4098-a51f-1c8ff8c09381,1231 hujintao koszontoje,52e0863d-a58d-4b12-97ad-6508b0d75cea,张辉,99870f9a-0ef4-4098-a51f-1c8ff8c09381
 张辉,99870f9a-0ef4-4098-a51f-1c8ff8c09381,1224_feri,579c8e79-ef4d-4f71-80f6-1c15e8c55f52,张辉,99870f9a-0ef4-4098-a51f-1c8ff8c09381
 张辉,99870f9a-0ef4-4098-a51f-1c8ff8c09381,103060,21d023f9-2422-465c-b9ce-d1356805c6d2,张辉,99870f9a-0ef4-4098-a51f-1c8ff8c09381
 张辉,99870f9a-0ef4-4098-a51f-1c8ff8c09381,103030,fa779003-a25c-49dd-9483-aeccbe658d48,张辉,99870f9a-0ef4-4098-a51f-1c8ff8c09381
 张辉,99870f9a-0ef4-4098-a51f-1c8ff8c09381,103058,a23bce35-c9b5-47db-9495-de5944407063,张辉,99870f9a-0ef4-4098-a51f-1c8ff8c09381
 张辉,99870f9a-0ef4-4098-a51f-1c8ff8c09381,!周五,aa5245a9-59bd-4c46-b979-41f3ae58fc00,张辉,99870f9a-0ef4-4098-a51f-1c8ff8c09381
 张辉,99870f9a-0ef4-4098-a51f-1c8ff8c09381,!占周五,80a425b5-0507-488f-894f-f146d024aacb,张辉,99870f9a-0ef4-4098-a51f-1c8ff8c09381
 张辉,99870f9a-0ef4-4098-a51f-1c8ff8c09381,0820,622f583b-00c5-4e78-8ba6-663b4a8990b1,张辉,99870f9a-0ef4-4098-a51f-1c8ff8c09381
 张辉,99870f9a-0ef4-4098-a51f-1c8ff8c09381,!周二,5aed0c6c-6772-4360-8b63-6b2f408672ed,张辉,99870f9a-0ef4-4098-a51f-1c8ff8c09381
 张辉,99870f9a-0ef4-4098-a51f-1c8ff8c09381,!占周二,bf22583e-c9d3-4574-98ed-ecc25116085d,张辉,99870f9a-0ef4-4098-a51f-1c8ff8c09381
 张辉,99870f9a-0ef4-4098-a51f-1c8ff8c09381,0817,822c8e50-a397-4230-bc2f-5eae8782af8b,张辉,99870f9a-0ef4-4098-a51f-1c8ff8c09381
 黎明,c37abf21-bbdc-41cb-8521-1e36f18fee00,1220 第七届中国北京国际文化创意产业博览会开幕,5736d5f2-3cd3-4ff4-b4be-959f254b7abe,B1702,99870f9a-0ef4-4098-a51f-1c8ff8c09381
 黎明,c37abf21-bbdc-41cb-8521-1e36f18fee00,1219_商务部数据显示实际使用外资额下,8a57ab99-476d-47ac-bc6a-9c6117d02586,B1702,99870f9a-0ef4-4098-a51f-1c8ff8c09381
 黎明,c37abf21-bbdc-41cb-8521-1e36f18fee00,1218 中美贸易,5b0be107-c7ca-4116-8001-99efaaf0bcc6,B1702,99870f9a-0ef4-4098-a51f-1c8ff8c09381
 黎明,c37abf21-bbdc-41cb-8521-1e36f18fee00,1217 孔子学院成为跨文化交流重要平台,e3ecccc5-cb65-4b0d-b66e-ee7a76fabb0b,B1702,99870f9a-0ef4-4098-a51f-1c8ff8c09381
 黎明,c37abf21-bbdc-41cb-8521-1e36f18fee00,1210 horvath2,1ebbe5b9-482f-4224-9134-9b7e17a6ff74,B1702,99870f9a-0ef4-4098-a51f-1c8ff8c09381
 黎明,c37abf21-bbdc-41cb-8521-1e36f18fee00,1203_janos_Horvath1,0089d500-eccb-4716-988c-70ec4d5a778a,B1702,99870f9a-0ef4-4098-a51f-1c8ff8c09381
 黎明,c37abf21-bbdc-41cb-8521-1e36f18fee00,1126 中国将在亚中经济发展中起到更重要的作用,312d07a1-a6f4-4fd1-b224-1f88ba202a66,B1702,99870f9a-0ef4-4098-a51f-1c8ff8c09381
 黎明,c37abf21-bbdc-41cb-8521-1e36f18fee00,1127zhujianer,f65d3af7-2edc-403f-8e78-35d45003bd4f,B1702,99870f9a-0ef4-4098-a51f-1c8ff8c09381
 黎明,c37abf21-bbdc-41cb-8521-1e36f18fee00,1123 巴勒斯坦总统特使访华,610bb309-4194-4d8e-a93c-755d12071ab9,B1702,99870f9a-0ef4-4098-a51f-1c8ff8c09381
 黎明,c37abf21-bbdc-41cb-8521-1e36f18fee00,1122 低碳发展是中国走可持续发展的必然选择,8b1a0e1d-c81e-49d0-921d-258af88fedda,B1702,99870f9a-0ef4-4098-a51f-1c8ff8c09381
 黎明,c37abf21-bbdc-41cb-8521-1e36f18fee00,1121 中日韩启动自贸区谈判,222d15aa-9766-405b-84dd-8cf86f15b1e2,B1702,99870f9a-0ef4-4098-a51f-1c8ff8c09381
 黎明,c37abf21-bbdc-41cb-8521-1e36f18fee00,1120 温家宝出席“１０＋１”、“１０＋３”会议,ad7f6c75-c708-4849-913c-eff5b27fa239,B1702,99870f9a-0ef4-4098-a51f-1c8ff8c09381
 黎明,c37abf21-bbdc-41cb-8521-1e36f18fee00,1119 中外城市管理者齐聚广州,6b161edb-3bf8-4119-b312-14f8003e195c,B1702,99870f9a-0ef4-4098-a51f-1c8ff8c09381
 黎明,c37abf21-bbdc-41cb-8521-1e36f18fee00,utazas,108c876e-ebae-41c3-a365-27e677b980b2,B1702,99870f9a-0ef4-4098-a51f-1c8ff8c09381
 黎明,c37abf21-bbdc-41cb-8521-1e36f18fee00,1112 藏药飘香,d05b1f40-4dd3-44e0-b5b6-d60766953375,B1702,99870f9a-0ef4-4098-a51f-1c8ff8c09381
 黎明,c37abf21-bbdc-41cb-8521-1e36f18fee00,1105 《中国之窗》十八大系列报道幸福之路（17、贵州篇）我从山中来幸福把门开,1ea40c2c-5fdb-469c-af28-599692ff7fa6,B1702,99870f9a-0ef4-4098-a51f-1c8ff8c09381
 黎明,c37abf21-bbdc-41cb-8521-1e36f18fee00,1102_尚德义中国近代作曲家,60804cd7-afcd-4581-93b5-bb02ab9f51ba,B1702,99870f9a-0ef4-4098-a51f-1c8ff8c09381
 黎明,c37abf21-bbdc-41cb-8521-1e36f18fee00,1102 解说词完成,1f982c9a-2fc3-47b5-91c8-d071673d9163,B1702,99870f9a-0ef4-4098-a51f-1c8ff8c09381
 黎明,c37abf21-bbdc-41cb-8521-1e36f18fee00,1101 秦咏诚，中国著名作曲家,dafd6b8d-bd8c-4399-bd89-67a5441848ab,B1702,99870f9a-0ef4-4098-a51f-1c8ff8c09381
 黎明,c37abf21-bbdc-41cb-8521-1e36f18fee00,1031 郭祖荣交响曲创作人,e5164001-7f4a-4e2d-98e6-d479f346aa2d,B1702,99870f9a-0ef4-4098-a51f-1c8ff8c09381
 黎明,c37abf21-bbdc-41cb-8521-1e36f18fee00,1030 歌剧江姐,c46eea1f-bb49-4c1d-a945-8bf3cc3e12f8,B1702,99870f9a-0ef4-4098-a51f-1c8ff8c09381
 黎明,c37abf21-bbdc-41cb-8521-1e36f18fee00,1029_芭蕾牡丹亭,ed7907eb-b6a0-448d-8047-2351660f448c,B1702,99870f9a-0ef4-4098-a51f-1c8ff8c09381
 黎明,c37abf21-bbdc-41cb-8521-1e36f18fee00,1029 匈牙利制片人谈中匈足球友谊发展,87919864-bf1d-458a-888b-e7ef20f8c51c,B1702,99870f9a-0ef4-4098-a51f-1c8ff8c09381
 黎明,c37abf21-bbdc-41cb-8521-1e36f18fee00,1026 中国为精神卫生立法　强化民众心理健康促进的政府责任,55f2badb-850b-4ebf-aab3-8f5c2aeb51ca,B1702,99870f9a-0ef4-4098-a51f-1c8ff8c09381
 黎明,c37abf21-bbdc-41cb-8521-1e36f18fee00,1025 中国高速发展的动力在于实事求是进行改革,d55400ca-baf8-4539-95a3-ef3c7f1a4465,B1702,99870f9a-0ef4-4098-a51f-1c8ff8c09381
 黎明,c37abf21-bbdc-41cb-8521-1e36f18fee00,1024 卫生部拒绝公开信息败诉,10de71b3-9618-4cfa-b4da-df83d8d41b82,B1702,99870f9a-0ef4-4098-a51f-1c8ff8c09381
 黎明,c37abf21-bbdc-41cb-8521-1e36f18fee00,1023 尊老敬老从陪伴与关爱开始,37abc9cf-f4cc-4e4d-bf33-2482d989540f,B1702,99870f9a-0ef4-4098-a51f-1c8ff8c09381
 黎明,c37abf21-bbdc-41cb-8521-1e36f18fee00,1022 中国大企业裁员,acd219e9-523a-436e-b6ac-580b1b84dd76,B1702,99870f9a-0ef4-4098-a51f-1c8ff8c09381
 黎明,c37abf21-bbdc-41cb-8521-1e36f18fee00,1022 广交会订单减少　中国外贸企业谋求转型升级,80f7eab0-a04e-4e59-8aea-05be63f4c558,B1702,99870f9a-0ef4-4098-a51f-1c8ff8c09381
 黎明,c37abf21-bbdc-41cb-8521-1e36f18fee00,1019ivan_hangosmagazin,2f82d898-dffe-4660-ad02-ed86cde698e6,B1702,99870f9a-0ef4-4098-a51f-1c8ff8c09381
 黎明,c37abf21-bbdc-41cb-8521-1e36f18fee00,1016hangoshir,c5a89b2b-0ba9-4d9f-b5cd-8d34dd8c9e8b,B1702,99870f9a-0ef4-4098-a51f-1c8ff8c09381
 黎明,c37abf21-bbdc-41cb-8521-1e36f18fee00,1015 采访匈牙利制片人阿达姆1,a96b2e8f-cb08-4b88-88a5-d7a6528c0fcc,B1702,99870f9a-0ef4-4098-a51f-1c8ff8c09381
 黎明,c37abf21-bbdc-41cb-8521-1e36f18fee00,1009 adaminterjuja,7778440a-215f-4de4-b296-d6e060a56f06,B1702,99870f9a-0ef4-4098-a51f-1c8ff8c09381
 黎明,c37abf21-bbdc-41cb-8521-1e36f18fee00,1008 中国媒体在非洲开拓市场,5de5493b-5989-40c4-903d-3b899e0e439e,B1702,99870f9a-0ef4-4098-a51f-1c8ff8c09381
 黎明,c37abf21-bbdc-41cb-8521-1e36f18fee00,0928 贾庆林表示　日方应认识事态严重性　避免对中日关系造成更大损害,9c3db09c-25eb-4d98-aece-75d8822ec146,B1702,99870f9a-0ef4-4098-a51f-1c8ff8c09381
 黎明,c37abf21-bbdc-41cb-8521-1e36f18fee00,0927 中国发改委官员表示　中国企业海外投资要服务于国家战略,dfd1d45b-1bc8-4055-9bf3-5e362f9ed97d,B1702,99870f9a-0ef4-4098-a51f-1c8ff8c09381
 黎明,c37abf21-bbdc-41cb-8521-1e36f18fee00,0927 ja,9815f907-e3c4-4ca7-833b-cd9bcc8eae5f,B1702,99870f9a-0ef4-4098-a51f-1c8ff8c09381
 黎明,c37abf21-bbdc-41cb-8521-1e36f18fee00,0926 中国首艘航母舰长确定 交付海军后任务明确,0c40a756-93fd-4a1e-a3a0-0255a51fddca,B1702,99870f9a-0ef4-4098-a51f-1c8ff8c09381
 黎明,c37abf21-bbdc-41cb-8521-1e36f18fee00,0925 《录音报道》国家能源局前局长：政治因素成中国能源企业海外并购最大风险,8222feab-c8f6-4d3d-8204-de62e9b883e7,B1702,99870f9a-0ef4-4098-a51f-1c8ff8c09381
 黎明,c37abf21-bbdc-41cb-8521-1e36f18fee00,0924_中国学生选择东南亚留学,c7b7378e-40f7-4d3a-933c-adb5ca5b4b3f,B1702,99870f9a-0ef4-4098-a51f-1c8ff8c09381
 黎明,c37abf21-bbdc-41cb-8521-1e36f18fee00,0921 hangos 中国企业加快开拓中东欧市场,ef0607d5-450c-4821-80bc-ba4548163acb,B1702,99870f9a-0ef4-4098-a51f-1c8ff8c09381
 黎明,c37abf21-bbdc-41cb-8521-1e36f18fee00,0920 hangos,58ebf76d-8858-4de4-8dbb-db4d10e26a22,B1702,99870f9a-0ef4-4098-a51f-1c8ff8c09381
 黎明,c37abf21-bbdc-41cb-8521-1e36f18fee00,0919 hangos 温家宝今日赴比出席中欧领导人会晤 经贸合作议题引关注,1d87d2a8-6c5c-4adf-b15a-7ae69827f901,B1702,99870f9a-0ef4-4098-a51f-1c8ff8c09381
 黎明,c37abf21-bbdc-41cb-8521-1e36f18fee00,0918 hangos,46cc5a74-bdf8-4ded-9ea5-244dd2e67104,B1702,99870f9a-0ef4-4098-a51f-1c8ff8c09381
 黎明,c37abf21-bbdc-41cb-8521-1e36f18fee00,0917 中欧贸易摩擦可通过多边贸易体系协商解决,9b21bf97-21e5-4e2a-9878-e2b4cea30719,B1702,99870f9a-0ef4-4098-a51f-1c8ff8c09381
 黎明,c37abf21-bbdc-41cb-8521-1e36f18fee00,0917 hangos第15次中欧领导人会晤,96c7a5e3-fb9c-435d-b4e3-f9c05b2a9361,B1702,99870f9a-0ef4-4098-a51f-1c8ff8c09381
 黎明,c37abf21-bbdc-41cb-8521-1e36f18fee00,0914 中国第一首学堂乐歌诞生地,4a33bcb2-ae1b-4873-988d-95e7d4d9463b,B1702,99870f9a-0ef4-4098-a51f-1c8ff8c09381
 黎明,c37abf21-bbdc-41cb-8521-1e36f18fee00,0913 草原之魂再现民族交响乐完美之作,c334791e-2399-4577-a79a-30edb5a2eee4,B1702,99870f9a-0ef4-4098-a51f-1c8ff8c09381
 黎明,c37abf21-bbdc-41cb-8521-1e36f18fee00,0910 中国经济增长与低碳生活,f2134fc0-166e-4566-8394-79a01ecbce21,B1702,99870f9a-0ef4-4098-a51f-1c8ff8c09381
 黎明,c37abf21-bbdc-41cb-8521-1e36f18fee00,0903 消费者期待新旅游法出台,09a562b3-cd6a-4ffc-803d-83ec075d2db5,B1702,99870f9a-0ef4-4098-a51f-1c8ff8c09381
 黎明,c37abf21-bbdc-41cb-8521-1e36f18fee00,0831 郑秋枫著名中国近代作曲家,d745e8e4-3181-49df-a7c1-06037ff76140,B1702,99870f9a-0ef4-4098-a51f-1c8ff8c09381
 黎明,c37abf21-bbdc-41cb-8521-1e36f18fee00,0830 与体育结缘的中国著名作曲家徐沛东,76a6c05c-9b0d-4148-906b-5d445a5521f6,B1702,99870f9a-0ef4-4098-a51f-1c8ff8c09381
 黎明,c37abf21-bbdc-41cb-8521-1e36f18fee00,0829 谷建芬作品赏析,a7dba515-9dbd-4621-af2a-09d0df4e891c,B1702,99870f9a-0ef4-4098-a51f-1c8ff8c09381
 黎明,c37abf21-bbdc-41cb-8521-1e36f18fee00,0828 国家一级作曲家王立平,b547f9ab-cede-4b6e-b6ce-81730ad9bbc4,B1702,99870f9a-0ef4-4098-a51f-1c8ff8c09381
 黎明,c37abf21-bbdc-41cb-8521-1e36f18fee00,0827 王酩中国近代作曲家,d34d5be2-dfc7-4588-9b31-1fef757250d1,B1702,99870f9a-0ef4-4098-a51f-1c8ff8c09381
 黎明,c37abf21-bbdc-41cb-8521-1e36f18fee00,0827 更多普通百姓加入保护文化遗产的行列,a2716588-0794-4c3e-9534-64cc1b1c9442,B1702,99870f9a-0ef4-4098-a51f-1c8ff8c09381
 黎明,c37abf21-bbdc-41cb-8521-1e36f18fee00,0820 中国将出台更多食品安全措施,de87f04c-f373-440c-83f6-a88a2c5b2747,B1702,99870f9a-0ef4-4098-a51f-1c8ff8c09381
 黎明,c37abf21-bbdc-41cb-8521-1e36f18fee00,0817 hangos2,8d1fc466-2bc6-4ec1-a7c2-3396fc72d124,B1702,99870f9a-0ef4-4098-a51f-1c8ff8c09381
 黎明,c37abf21-bbdc-41cb-8521-1e36f18fee00,0817 hangos1,5f42c2af-c2b4-450a-9266-224a6a4a77a9,B1702,99870f9a-0ef4-4098-a51f-1c8ff8c09381
 黎明,c37abf21-bbdc-41cb-8521-1e36f18fee00,0815 hangos2,9a158727-9369-4e6d-b040-5be688283613,B1702,99870f9a-0ef4-4098-a51f-1c8ff8c09381
 黎明,c37abf21-bbdc-41cb-8521-1e36f18fee00,0815 hangos1,8ed87ae4-0ce0-40e4-ad62-3e99e83cb322,B1702,99870f9a-0ef4-4098-a51f-1c8ff8c09381
 黎明,c37abf21-bbdc-41cb-8521-1e36f18fee00,秋萍采访,85ed15e3-1f2e-41bb-aa8d-de6a93392e24,B1702,99870f9a-0ef4-4098-a51f-1c8ff8c09381
 黎明,c37abf21-bbdc-41cb-8521-1e36f18fee00,0813 烟草公司居然获得生态贡献奖,2c525bee-26f6-4dfc-8f5c-f3136c2f7f4a,B1702,99870f9a-0ef4-4098-a51f-1c8ff8c09381
 黎明,c37abf21-bbdc-41cb-8521-1e36f18fee00,0803HH-k,4a238a65-dd1d-46d3-8698-f47b1e0ea607,B1702,99870f9a-0ef4-4098-a51f-1c8ff8c09381
 黎明,c37abf21-bbdc-41cb-8521-1e36f18fee00,0802Hangoshir-kinai,0394b357-7512-4b58-8791-37419cce34b5,B1702,99870f9a-0ef4-4098-a51f-1c8ff8c09381
 黎明,c37abf21-bbdc-41cb-8521-1e36f18fee00,0806 中匈文化和教育交流将更出彩,a5df3b2a-1e76-4bc7-a47e-a0c2c07a8f04,B1702,99870f9a-0ef4-4098-a51f-1c8ff8c09381
 黎明,c37abf21-bbdc-41cb-8521-1e36f18fee00,0731 hangos1,ff96d76d-7fb1-4374-b8ca-2f1242f5328f,B1702,99870f9a-0ef4-4098-a51f-1c8ff8c09381
 黎明,c37abf21-bbdc-41cb-8521-1e36f18fee00,0731 hangos2,b3f13b8b-6c09-4e0e-a7ef-68cfe02e4f81,B1702,99870f9a-0ef4-4098-a51f-1c8ff8c09381
 黎明,c37abf21-bbdc-41cb-8521-1e36f18fee00,0730 hangos1,14a536fd-9160-426c-a99a-05b29fd04773,B1702,99870f9a-0ef4-4098-a51f-1c8ff8c09381
 黎明,c37abf21-bbdc-41cb-8521-1e36f18fee00,0730 中国稀土主产区将施行监管联动,74f578e4-8b08-436c-b112-6afbea4c1b59,B1702,99870f9a-0ef4-4098-a51f-1c8ff8c09381
 黎明,c37abf21-bbdc-41cb-8521-1e36f18fee00,0723 匈牙利青年代表团团长专访,88721972-ab14-46e3-9791-673c8fc2ee08,B1702,99870f9a-0ef4-4098-a51f-1c8ff8c09381
 黎明,c37abf21-bbdc-41cb-8521-1e36f18fee00,0720 中国近代作曲家、指挥家郑志声,def82269-7f9e-4351-8e28-dac781a6046e,B1702,99870f9a-0ef4-4098-a51f-1c8ff8c09381
 黎明,c37abf21-bbdc-41cb-8521-1e36f18fee00,0719 延安著名作曲家郑律成,d009f132-080e-4ac5-b307-9744a4de37e1,B1702,99870f9a-0ef4-4098-a51f-1c8ff8c09381
 黎明,c37abf21-bbdc-41cb-8521-1e36f18fee00,0718 张寒晖中国近代词作家,6f0a565e-3116-4463-860b-480cc7346db9,B1702,99870f9a-0ef4-4098-a51f-1c8ff8c09381
 黎明,c37abf21-bbdc-41cb-8521-1e36f18fee00,0717 中国近代作曲家江文也,5b172ebe-aa0a-49e5-8211-dda6d88b2c04,B1702,99870f9a-0ef4-4098-a51f-1c8ff8c09381
 黎明,c37abf21-bbdc-41cb-8521-1e36f18fee00,0716 江定仙作品赏析 Jiang Dingxian,de11f5e6-0f86-49c7-aaea-aaef5136e0bd,B1702,99870f9a-0ef4-4098-a51f-1c8ff8c09381
 黎明,c37abf21-bbdc-41cb-8521-1e36f18fee00,0716_中国国家博物馆百年华诞看国博,bc679362-369a-425b-89ec-9816269df62a,B1702,99870f9a-0ef4-4098-a51f-1c8ff8c09381
 黎明,c37abf21-bbdc-41cb-8521-1e36f18fee00,0711 hir,f8c5bd9c-cda7-4e67-8735-42dc71fffd37,B1702,99870f9a-0ef4-4098-a51f-1c8ff8c09381
 黎明,c37abf21-bbdc-41cb-8521-1e36f18fee00,0710 hangos2,83f3c6db-b65c-4c3f-b8db-46165c120fd6,B1702,99870f9a-0ef4-4098-a51f-1c8ff8c09381
 黎明,c37abf21-bbdc-41cb-8521-1e36f18fee00,0710 hangos1,1cf95610-39d2-426a-9d8b-17f7ddd2b2e9,B1702,99870f9a-0ef4-4098-a51f-1c8ff8c09381
 黎明,c37abf21-bbdc-41cb-8521-1e36f18fee00,0709 中国电影进入黄金发展期,b728c61f-5d09-40b0-934b-1f7862b61f50,B1702,99870f9a-0ef4-4098-a51f-1c8ff8c09381
 黎明,c37abf21-bbdc-41cb-8521-1e36f18fee00,0702 布达佩斯与北京成为姊妹城市,b06254a3-e48d-4387-b987-1bbb687192c5,B1702,99870f9a-0ef4-4098-a51f-1c8ff8c09381
 黎明,c37abf21-bbdc-41cb-8521-1e36f18fee00,0628 烟雨唱扬州,d7496782-6c4c-47e4-bda8-e80d9297f5de,B1702,99870f9a-0ef4-4098-a51f-1c8ff8c09381
 黎明,c37abf21-bbdc-41cb-8521-1e36f18fee00,0629_中国鼓乐传奇,f63cc02e-a1db-48bb-9e11-10f0ff711a23,B1702,99870f9a-0ef4-4098-a51f-1c8ff8c09381
 黎明,c37abf21-bbdc-41cb-8521-1e36f18fee00,0627 二胡和骨笛的故事,7a070526-46c2-4814-b1cd-69e767ba8de6,B1702,99870f9a-0ef4-4098-a51f-1c8ff8c09381
 黎明,c37abf21-bbdc-41cb-8521-1e36f18fee00,0626 彝族音乐赏析,80749663-da2a-4fcb-924f-afe3262ad9ea,B1702,99870f9a-0ef4-4098-a51f-1c8ff8c09381
 黎明,c37abf21-bbdc-41cb-8521-1e36f18fee00,0625 侗族歌曲,4ed5267c-06f2-45ff-a82f-30a0d00ea171,B1702,99870f9a-0ef4-4098-a51f-1c8ff8c09381
 黎明,c37abf21-bbdc-41cb-8521-1e36f18fee00,0625 中国令人瞩目的建筑,b4db2ee5-22be-443c-b4fe-42f4b0c6ed52,B1702,99870f9a-0ef4-4098-a51f-1c8ff8c09381
 黎明,c37abf21-bbdc-41cb-8521-1e36f18fee00,0623 一周新闻,7e899a82-022f-43c3-8f5f-72162c17a34f,B1702,99870f9a-0ef4-4098-a51f-1c8ff8c09381
 黎明,c37abf21-bbdc-41cb-8521-1e36f18fee00,0620,803a55ad-cef1-4996-b756-9deeac41ed17,B1702,99870f9a-0ef4-4098-a51f-1c8ff8c09381
 黎明,c37abf21-bbdc-41cb-8521-1e36f18fee00,06192,79bc787a-b469-4eca-8486-8980233019f5,B1702,99870f9a-0ef4-4098-a51f-1c8ff8c09381
 黎明,c37abf21-bbdc-41cb-8521-1e36f18fee00,06191,31894bdf-8d15-4506-af0b-476c42d0b734,B1702,99870f9a-0ef4-4098-a51f-1c8ff8c09381
 黎明,c37abf21-bbdc-41cb-8521-1e36f18fee00,06180618 北京公益联盟创始人郭勇,b1065d64-bfa5-41ed-8c1d-518485f3e42f,B1702,99870f9a-0ef4-4098-a51f-1c8ff8c09381
 黎明,c37abf21-bbdc-41cb-8521-1e36f18fee00,0611 中国妈妈海外奶粉抢购战,da219c6d-8f15-4faf-8a1b-324c925e1f9e,B1702,99870f9a-0ef4-4098-a51f-1c8ff8c09381
 黎明,c37abf21-bbdc-41cb-8521-1e36f18fee00,0604_那些感动中国的人们,78bb6836-a9e9-4456-bd56-6ac0c1b7fb03,B1702,99870f9a-0ef4-4098-a51f-1c8ff8c09381
 黎明,c37abf21-bbdc-41cb-8521-1e36f18fee00,刘雪庵，现代著名作曲家,566d504b-4912-4585-b3f2-224d709f55f9,B1702,99870f9a-0ef4-4098-a51f-1c8ff8c09381
 黎明,c37abf21-bbdc-41cb-8521-1e36f18fee00,贺绿汀，中国杰出作曲家,c23308c1-813a-4617-9fd2-215356d273a2,B1702,99870f9a-0ef4-4098-a51f-1c8ff8c09381
 黎明,c37abf21-bbdc-41cb-8521-1e36f18fee00,吕骥 中国革命音乐家,4c0b5d40-d1c1-4c8c-8f9c-904e46b3b45d,B1702,99870f9a-0ef4-4098-a51f-1c8ff8c09381
 黎明,c37abf21-bbdc-41cb-8521-1e36f18fee00,0529 应尚能，中国近代音乐家,1ba9caa0-d097-47b5-a58e-9f5cf27b79fc,B1702,99870f9a-0ef4-4098-a51f-1c8ff8c09381
 黎明,c37abf21-bbdc-41cb-8521-1e36f18fee00,0528_金星，一位不寻常的中国舞蹈家,66ea86fe-8e2d-45cb-a125-2bc42b792cfa,B1702,99870f9a-0ef4-4098-a51f-1c8ff8c09381
 黎明,c37abf21-bbdc-41cb-8521-1e36f18fee00,周淑安——我国第一个女作曲家,b1f4d44d-cc12-4d98-8a17-4086ae078a3c,B1702,99870f9a-0ef4-4098-a51f-1c8ff8c09381
 黎明,c37abf21-bbdc-41cb-8521-1e36f18fee00,69696,394f8661-ea1b-4319-acbd-a49bd1992e55,B1702,99870f9a-0ef4-4098-a51f-1c8ff8c09381
 黎明,c37abf21-bbdc-41cb-8521-1e36f18fee00,0521 抢救大熊猫龙龙,54b4102f-6a9e-4e1c-8a86-8b6dbf9d0e3b,B1702,99870f9a-0ef4-4098-a51f-1c8ff8c09381
 黎明,c37abf21-bbdc-41cb-8521-1e36f18fee00,0514_janos_中国公司的海外并购,55c473c1-69bd-48ab-90ce-e48244bcba93,B1702,99870f9a-0ef4-4098-a51f-1c8ff8c09381
 黎明,c37abf21-bbdc-41cb-8521-1e36f18fee00,著名作家作曲家黎锦晖,f3055086-72a4-4f9f-a52b-ae1b378aa45c,B1702,99870f9a-0ef4-4098-a51f-1c8ff8c09381
 黎明,c37abf21-bbdc-41cb-8521-1e36f18fee00,0503afgan menekultek,910b31e6-3764-481f-aefd-205206e07a00,B1702,99870f9a-0ef4-4098-a51f-1c8ff8c09381
 黎明,c37abf21-bbdc-41cb-8521-1e36f18fee00,中国近代作曲家青主,ea8ecc92-5a65-48e9-b843-21ce1639da2b,B1702,99870f9a-0ef4-4098-a51f-1c8ff8c09381
 黎明,c37abf21-bbdc-41cb-8521-1e36f18fee00,赵元任-近代中国作曲家,c6449295-467d-4bc1-bc43-d25b6d99f443,B1702,99870f9a-0ef4-4098-a51f-1c8ff8c09381
 黎明,c37abf21-bbdc-41cb-8521-1e36f18fee00,0430音乐皇帝唐玄宗,4bc8f103-d157-45e3-98af-d24c6c6419a5,B1702,99870f9a-0ef4-4098-a51f-1c8ff8c09381
 黎明,c37abf21-bbdc-41cb-8521-1e36f18fee00,0430 李克强访匈特别节目——中匈政治经济文化大发展,0162bfbc-9cab-4998-a0a6-78b8d60d3f34,B1702,99870f9a-0ef4-4098-a51f-1c8ff8c09381
 黎明,c37abf21-bbdc-41cb-8521-1e36f18fee00,0507北京治理环境新标准已经取得一定成,c1ed110d-ec09-46f6-a8af-aeb4a8d7feef,B1702,99870f9a-0ef4-4098-a51f-1c8ff8c09381
 黎明,c37abf21-bbdc-41cb-8521-1e36f18fee00,0423weichen,d31b3dbd-5eae-47b8-a44a-8a2b0bcbd937,B1702,99870f9a-0ef4-4098-a51f-1c8ff8c09381
 黎明,c37abf21-bbdc-41cb-8521-1e36f18fee00,0423一汽红旗品牌第三度复兴之路,c67926af-136c-4064-8fa4-780a2c7bf07d,B1702,99870f9a-0ef4-4098-a51f-1c8ff8c09381
 黎明,c37abf21-bbdc-41cb-8521-1e36f18fee00,0423nemismerifelanagyembertFERI,eacd3e63-d90c-4ed8-a34d-4f621579347d,B1702,99870f9a-0ef4-4098-a51f-1c8ff8c09381
 黎明,c37abf21-bbdc-41cb-8521-1e36f18fee00,0423kinaesatarsadalomFERIok,10fac61d-7623-4328-9058-0dec47525c97,B1702,99870f9a-0ef4-4098-a51f-1c8ff8c09381
 黎明,c37abf21-bbdc-41cb-8521-1e36f18fee00,0430_hangosmagazin_V,4c2bd098-240d-4893-adb2-72b75137fac7,B1702,99870f9a-0ef4-4098-a51f-1c8ff8c09381
 黎明,c37abf21-bbdc-41cb-8521-1e36f18fee00,0423_hangosmagazin_V,fd820770-9f17-436a-a68c-978c9146b80f,B1702,99870f9a-0ef4-4098-a51f-1c8ff8c09381
 黎明,c37abf21-bbdc-41cb-8521-1e36f18fee00,0423_hangos_V,2243a104-e52f-4089-8b1a-5d40e3463f81,B1702,99870f9a-0ef4-4098-a51f-1c8ff8c09381
 黎明,c37abf21-bbdc-41cb-8521-1e36f18fee00,0423hangosmagazinivan_kinaegyretobbkoolaj,8a2a9ae7-2a96-44f7-959b-c4f370359b5e,B1702,99870f9a-0ef4-4098-a51f-1c8ff8c09381
 黎明,c37abf21-bbdc-41cb-8521-1e36f18fee00,0423 kulKinaiPompeii,8b67432f-cd59-46f6-a34c-3d3480715a90,B1702,99870f9a-0ef4-4098-a51f-1c8ff8c09381
 黎明,c37abf21-bbdc-41cb-8521-1e36f18fee00,0416_中国建造最大射电望远镜,0151aa00-3165-4975-b45a-605b12273519,B1702,99870f9a-0ef4-4098-a51f-1c8ff8c09381
 黎明,c37abf21-bbdc-41cb-8521-1e36f18fee00,0412禅院心声中国禅乐,ad2c598c-c376-4b08-857a-9af235655358,B1702,99870f9a-0ef4-4098-a51f-1c8ff8c09381
 黎明,c37abf21-bbdc-41cb-8521-1e36f18fee00,0411短民歌,aa5d0ddd-fede-475b-8977-cfc609c345db,B1702,99870f9a-0ef4-4098-a51f-1c8ff8c09381
 黎明,c37abf21-bbdc-41cb-8521-1e36f18fee00,自由抒情的山歌,22dd4fa8-d441-48c9-871c-b6bdd000730b,B1702,99870f9a-0ef4-4098-a51f-1c8ff8c09381
 黎明,c37abf21-bbdc-41cb-8521-1e36f18fee00,中国传统音乐发展简介,c7b6b934-fd28-44fc-a2d4-a728d1213bc9,B1702,99870f9a-0ef4-4098-a51f-1c8ff8c09381
 黎明,c37abf21-bbdc-41cb-8521-1e36f18fee00,0409-爱暖童心工程治愈病童,7b4d93d7-8cd0-4de3-a52a-4acf5da7bc0c,B1702,99870f9a-0ef4-4098-a51f-1c8ff8c09381
 黎明,c37abf21-bbdc-41cb-8521-1e36f18fee00,微博拉近我们与两会的距离（媒体篇）,22324497-b3a8-46af-9945-7081041a4cab,B1702,99870f9a-0ef4-4098-a51f-1c8ff8c09381
 黎明,c37abf21-bbdc-41cb-8521-1e36f18fee00,0316 laci,2cb5622c-f530-4f1e-adb7-8f1613c0bb8f,B1702,99870f9a-0ef4-4098-a51f-1c8ff8c09381
 黎明,c37abf21-bbdc-41cb-8521-1e36f18fee00,0312luyin,d151faef-24bb-4a74-9202-974c73d0f4e7,B1702,99870f9a-0ef4-4098-a51f-1c8ff8c09381
 黎明,c37abf21-bbdc-41cb-8521-1e36f18fee00,0307 KantoniVasar ferfi,35b77491-c175-4ff9-8f0a-e988cf35a526,B1702,99870f9a-0ef4-4098-a51f-1c8ff8c09381
 黎明,c37abf21-bbdc-41cb-8521-1e36f18fee00,0307 Laci2,c1795d5c-ef50-49ec-a0a7-6d53bd865841,B1702,99870f9a-0ef4-4098-a51f-1c8ff8c09381
 黎明,c37abf21-bbdc-41cb-8521-1e36f18fee00,0307 Laci1,3efbc60e-008d-4d42-b4ee-39445df8b91a,B1702,99870f9a-0ef4-4098-a51f-1c8ff8c09381
 黎明,c37abf21-bbdc-41cb-8521-1e36f18fee00,0307 kinai,521f8ce9-6149-4f8b-979c-f068470bc8cd,B1702,99870f9a-0ef4-4098-a51f-1c8ff8c09381
 黎明,c37abf21-bbdc-41cb-8521-1e36f18fee00,微博看两会二,1535a799-7609-49da-9db1-9620f5ed44c0,B1702,99870f9a-0ef4-4098-a51f-1c8ff8c09381
 黎明,c37abf21-bbdc-41cb-8521-1e36f18fee00,初出茅庐+望子成龙,b5cab5d3-a60b-445b-95e2-f454822e7938,B1702,99870f9a-0ef4-4098-a51f-1c8ff8c09381
 黎明,c37abf21-bbdc-41cb-8521-1e36f18fee00,新疆“乐器皇后”艾捷克,09de692e-5f24-41e7-9dfb-86bbc524cfdc,B1702,99870f9a-0ef4-4098-a51f-1c8ff8c09381
 黎明,c37abf21-bbdc-41cb-8521-1e36f18fee00,佘永生的葫芦丝情结,81c99dc7-8d10-4315-bbb4-1728056dc7ce,B1702,99870f9a-0ef4-4098-a51f-1c8ff8c09381
 黎明,c37abf21-bbdc-41cb-8521-1e36f18fee00,芦笙是我的生命 走近“芦笙王”杨正平,98de0216-fca2-4067-a8ef-eb63c27457ed,B1702,99870f9a-0ef4-4098-a51f-1c8ff8c09381
 黎明,c37abf21-bbdc-41cb-8521-1e36f18fee00,葫芦丝王子李春华,f53d1885-4bad-4d4f-af9a-6462dc42c75f,B1702,99870f9a-0ef4-4098-a51f-1c8ff8c09381
 黎明,c37abf21-bbdc-41cb-8521-1e36f18fee00,哈萨克民族乐器冬不拉与阿肯弹唱,e7acde0e-da9c-4970-8f55-a70561203116,B1702,99870f9a-0ef4-4098-a51f-1c8ff8c09381
 黎明,c37abf21-bbdc-41cb-8521-1e36f18fee00,美丽的静波湖,ff745b09-4bbd-44a9-9116-0d53a3dd6bbe,B1702,99870f9a-0ef4-4098-a51f-1c8ff8c09381
 黎明,c37abf21-bbdc-41cb-8521-1e36f18fee00,虎皮酿淮椒+淮阳炒虾碰,832681ac-b33f-40b1-ae6a-23ef93631ebb,B1702,99870f9a-0ef4-4098-a51f-1c8ff8c09381
 黎明,c37abf21-bbdc-41cb-8521-1e36f18fee00,中国车市是否能够回暖,f5a72119-5dec-460c-a74c-adfd6baefbed,B1702,99870f9a-0ef4-4098-a51f-1c8ff8c09381
 黎明,c37abf21-bbdc-41cb-8521-1e36f18fee00,云南省推广自身文化产品,bd4fdea0-f97a-49ee-bb28-f27546b28b77,B1702,99870f9a-0ef4-4098-a51f-1c8ff8c09381
 黎明,c37abf21-bbdc-41cb-8521-1e36f18fee00,西藏特色产业和西藏新农村建设,49ba8a67-86c5-4e2b-935d-33990e0d4937,B1702,99870f9a-0ef4-4098-a51f-1c8ff8c09381
 黎明,c37abf21-bbdc-41cb-8521-1e36f18fee00,走马镇民间故事,945b8590-f150-47f8-83ea-5f85e29c0c21,B1702,99870f9a-0ef4-4098-a51f-1c8ff8c09381
 黎明,c37abf21-bbdc-41cb-8521-1e36f18fee00,德国向中国求援，中国将主导第三次全球化浪潮,c4d9e3f3-21f1-414a-ad6a-22730111f9e6,B1702,99870f9a-0ef4-4098-a51f-1c8ff8c09381
 黎明,c37abf21-bbdc-41cb-8521-1e36f18fee00,中国无线通讯高速发展,c14bfd8b-ec2d-4645-97f3-4e4e39a03b18,B1702,99870f9a-0ef4-4098-a51f-1c8ff8c09381
 黎明,c37abf21-bbdc-41cb-8521-1e36f18fee00,一周新闻综述0129-0203,3012d30b-fb16-4890-b4ea-1a2d25309d87,B1702,99870f9a-0ef4-4098-a51f-1c8ff8c09381
 黎明,c37abf21-bbdc-41cb-8521-1e36f18fee00,0202caifangkkaisa,2dbf2235-1766-47ba-9970-8a662da9b064,B1702,99870f9a-0ef4-4098-a51f-1c8ff8c09381
 黎明,c37abf21-bbdc-41cb-8521-1e36f18fee00,新闻综述第一部分,7b39e225-9a28-4739-b04f-6619fd70eeca,B1702,99870f9a-0ef4-4098-a51f-1c8ff8c09381
 黎明,c37abf21-bbdc-41cb-8521-1e36f18fee00,传统音乐家单增确杰,398433d1-f2ce-4c91-ad17-211ad6dbbff8,B1702,99870f9a-0ef4-4098-a51f-1c8ff8c09381
 黎明,c37abf21-bbdc-41cb-8521-1e36f18fee00,迎春接福,97ae3df4-4728-4649-a334-2fd596d00434,B1702,99870f9a-0ef4-4098-a51f-1c8ff8c09381
 黎明,c37abf21-bbdc-41cb-8521-1e36f18fee00,软兜长鱼+清汤素鱼圆,a04c2617-f82b-4b4a-87d0-9367be22b18b,B1702,99870f9a-0ef4-4098-a51f-1c8ff8c09381
 黎明,c37abf21-bbdc-41cb-8521-1e36f18fee00,唢呐名家演奏的乐曲,a1b5031e-c20d-467f-8bfa-8d7406cc9e3d,B1702,99870f9a-0ef4-4098-a51f-1c8ff8c09381
 黎明,c37abf21-bbdc-41cb-8521-1e36f18fee00,春节特别节目——白色篇,82a1eba7-19c0-464a-97ed-ed26f92acdfd,B1702,99870f9a-0ef4-4098-a51f-1c8ff8c09381
 黎明,c37abf21-bbdc-41cb-8521-1e36f18fee00,作曲家何占豪,8ab501d8-589c-4bfd-8eaf-cdf25056beb2,B1702,99870f9a-0ef4-4098-a51f-1c8ff8c09381
 黎明,c37abf21-bbdc-41cb-8521-1e36f18fee00,中国的苏州园林,d8615bc9-ab6d-42c9-9d79-4f7645974151,B1702,99870f9a-0ef4-4098-a51f-1c8ff8c09381
 黎明,c37abf21-bbdc-41cb-8521-1e36f18fee00,颐指气使+世外桃源,b4214da2-415b-4917-aad3-6de3cb48d53b,B1702,99870f9a-0ef4-4098-a51f-1c8ff8c09381
 黎明,c37abf21-bbdc-41cb-8521-1e36f18fee00,中国文化体制改革步伐加快成效明显,b3a81ace-2621-4dc5-803b-e61ee3c47bcf,B1702,99870f9a-0ef4-4098-a51f-1c8ff8c09381
 黎明,c37abf21-bbdc-41cb-8521-1e36f18fee00,中国著名作曲家李焕之,48f47c6b-f330-4e69-b38e-2f25ac5b2135,B1702,99870f9a-0ef4-4098-a51f-1c8ff8c09381
 黎明,c37abf21-bbdc-41cb-8521-1e36f18fee00,历届文化部春节电视晚会节目精选,891e9657-ec1f-443b-81eb-6eeee4c1ae78,B1702,99870f9a-0ef4-4098-a51f-1c8ff8c09381
 黎明,c37abf21-bbdc-41cb-8521-1e36f18fee00,潮州音乐欣赏,166f9ac5-2bf8-46fe-98de-88cda4cb19fb,B1702,99870f9a-0ef4-4098-a51f-1c8ff8c09381
 黎明,c37abf21-bbdc-41cb-8521-1e36f18fee00,古筝演奏家赵曼琴,d43fd528-d0e0-41aa-94df-a3999dfd2b30,B1702,99870f9a-0ef4-4098-a51f-1c8ff8c09381
 黎明,c37abf21-bbdc-41cb-8521-1e36f18fee00,孙颖迪——中国的青年原色李斯特,a4171e94-3572-4ffc-9a1a-59d9c48b2582,B1702,99870f9a-0ef4-4098-a51f-1c8ff8c09381
 黎明,c37abf21-bbdc-41cb-8521-1e36f18fee00,1227gazdasag,dbf26a3a-762e-40e0-8d59-d46a2808ad29,B1702,99870f9a-0ef4-4098-a51f-1c8ff8c09381
 黎明,c37abf21-bbdc-41cb-8521-1e36f18fee00,1227hir,51958495-6604-4f17-ac7b-ff885ac08abd,B1702,99870f9a-0ef4-4098-a51f-1c8ff8c09381
 黎明,c37abf21-bbdc-41cb-8521-1e36f18fee00,李玲玲扬琴,c5a30243-3077-48bd-bbf4-4ad357c93647,B1702,99870f9a-0ef4-4098-a51f-1c8ff8c09381
 黎明,c37abf21-bbdc-41cb-8521-1e36f18fee00,1227 kinai,9ca483f6-8e53-4092-b0c8-ffa1eb25f121,B1702,99870f9a-0ef4-4098-a51f-1c8ff8c09381
 黎明,c37abf21-bbdc-41cb-8521-1e36f18fee00,lilingling,4d7e10f1-3e13-4ef7-892a-f72dc35bf3ac,B1702,99870f9a-0ef4-4098-a51f-1c8ff8c09381
 黎明,c37abf21-bbdc-41cb-8521-1e36f18fee00,sunyingdi_imre,5d9c8de0-4a75-41ae-b424-3c747bb3b0bb,B1702,99870f9a-0ef4-4098-a51f-1c8ff8c09381
 黎明,c37abf21-bbdc-41cb-8521-1e36f18fee00,1227 Laci2,27b4e592-a813-4582-9910-f868d46e6cc4,B1702,99870f9a-0ef4-4098-a51f-1c8ff8c09381
 黎明,c37abf21-bbdc-41cb-8521-1e36f18fee00,1227 Laci1,3491ee88-1278-456c-baa2-b9fdeba8fd1b,B1702,99870f9a-0ef4-4098-a51f-1c8ff8c09381
 黎明,c37abf21-bbdc-41cb-8521-1e36f18fee00,1227 sunyingdi laci,6ae53e91-5551-47c7-bb78-adb2ed9f7940,B1702,99870f9a-0ef4-4098-a51f-1c8ff8c09381
 黎明,c37abf21-bbdc-41cb-8521-1e36f18fee00,1226 kinai,e5b86088-8945-47ec-92e5-cd2f4f823079,B1702,99870f9a-0ef4-4098-a51f-1c8ff8c09381
 黎明,c37abf21-bbdc-41cb-8521-1e36f18fee00,隔岸观火,9c9138fe-4907-4aef-a189-714690495f47,B1702,99870f9a-0ef4-4098-a51f-1c8ff8c09381
 黎明,c37abf21-bbdc-41cb-8521-1e36f18fee00,鲜蘑鸭掌和西湖醋鱼,10954571-e590-4daa-ab05-e315eca78a04,B1702,99870f9a-0ef4-4098-a51f-1c8ff8c09381
 黎明,c37abf21-bbdc-41cb-8521-1e36f18fee00,1226_janos_kozmondas,21a26d59-794d-4398-8b87-8cc0e365c572,B1702,99870f9a-0ef4-4098-a51f-1c8ff8c09381
 黎明,c37abf21-bbdc-41cb-8521-1e36f18fee00,作曲家陈钢和他的音乐,35bff327-d787-4777-b2cb-10bbba692c06,B1702,99870f9a-0ef4-4098-a51f-1c8ff8c09381
 黎明,c37abf21-bbdc-41cb-8521-1e36f18fee00,chengang,45d8acd8-63e9-43d8-b4e3-cf3d078b1905,B1702,99870f9a-0ef4-4098-a51f-1c8ff8c09381
 黎明,c37abf21-bbdc-41cb-8521-1e36f18fee00,1226_agi_teahaz,923f98cc-78d6-4ea3-9f67-dd341daec7a2,B1702,99870f9a-0ef4-4098-a51f-1c8ff8c09381
 黎明,c37abf21-bbdc-41cb-8521-1e36f18fee00,1226_agi_piantou,0ad97332-e12a-4ace-b79d-b448fe867ae2,B1702,99870f9a-0ef4-4098-a51f-1c8ff8c09381
 黎明,c37abf21-bbdc-41cb-8521-1e36f18fee00,1226_agi_pianhua,2279fe3a-4a99-4909-a4ab-932526a37ca5,B1702,99870f9a-0ef4-4098-a51f-1c8ff8c09381
 黎明,c37abf21-bbdc-41cb-8521-1e36f18fee00,坐火车去西藏,c0cca131-6086-4053-acab-79a0397f80ed,B1702,99870f9a-0ef4-4098-a51f-1c8ff8c09381
 黎明,c37abf21-bbdc-41cb-8521-1e36f18fee00,1226_Laci,90776ba0-dd48-4b6c-84e5-77d44c856587,B1702,99870f9a-0ef4-4098-a51f-1c8ff8c09381
 黎明,c37abf21-bbdc-41cb-8521-1e36f18fee00,1226_to_tibet,f54f0631-317f-428c-9c4d-4e26164a65f4,B1702,99870f9a-0ef4-4098-a51f-1c8ff8c09381
 黎明,c37abf21-bbdc-41cb-8521-1e36f18fee00,一周新闻综述19-23,561f64d2-e423-4ed6-8a27-0753d3308b4c,B1702,99870f9a-0ef4-4098-a51f-1c8ff8c09381
 黎明,c37abf21-bbdc-41cb-8521-1e36f18fee00,一周新闻综述开始曲,89934505-ac92-49f3-b49b-2906e3f0c590,B1702,99870f9a-0ef4-4098-a51f-1c8ff8c09381
 黎明,c37abf21-bbdc-41cb-8521-1e36f18fee00,1221 hirossze1,49adf252-4b66-4a8c-9265-eafd82fc6e8f,B1702,99870f9a-0ef4-4098-a51f-1c8ff8c09381
 黎明,c37abf21-bbdc-41cb-8521-1e36f18fee00,黑井古镇,c0a1bd57-cf81-4844-82fe-defdbce7c1e6,B1702,99870f9a-0ef4-4098-a51f-1c8ff8c09381
 黎明,c37abf21-bbdc-41cb-8521-1e36f18fee00,hudec,e6f98aa6-2692-4503-868e-248da0bd3f09,B1702,99870f9a-0ef4-4098-a51f-1c8ff8c09381
 黎明,c37abf21-bbdc-41cb-8521-1e36f18fee00,asian restr,2bfbd73e-4563-4ea8-bc21-3556b377b72a,B1702,99870f9a-0ef4-4098-a51f-1c8ff8c09381
 黎明,c37abf21-bbdc-41cb-8521-1e36f18fee00,1212 janos,162880e2-53cb-4161-b45b-9f1f985ac8e7,B1702,99870f9a-0ef4-4098-a51f-1c8ff8c09381
 黎明,c37abf21-bbdc-41cb-8521-1e36f18fee00,中医在国际范围得到应用,1a447225-5eed-47d2-b997-6ee33f990a56,B1702,99870f9a-0ef4-4098-a51f-1c8ff8c09381
 黎明,c37abf21-bbdc-41cb-8521-1e36f18fee00,探访鄂温克博物馆,6417ae4d-7ac9-4573-bf46-0260be8c378e,B1702,99870f9a-0ef4-4098-a51f-1c8ff8c09381
 黎明,c37abf21-bbdc-41cb-8521-1e36f18fee00,zhaosongting,3d5cfd24-61df-4005-ad72-2a00ef00b350,B1702,99870f9a-0ef4-4098-a51f-1c8ff8c09381
 黎明,c37abf21-bbdc-41cb-8521-1e36f18fee00,liu_Dehai,ccf2019a-4d27-4f3a-9d5a-f46203b9c82b,B1702,99870f9a-0ef4-4098-a51f-1c8ff8c09381
 黎明,c37abf21-bbdc-41cb-8521-1e36f18fee00,1108_yangqin janos,3cc4b228-a08d-4f79-b37b-abb890d4dd3d,B1702,99870f9a-0ef4-4098-a51f-1c8ff8c09381
 黎明,c37abf21-bbdc-41cb-8521-1e36f18fee00,1103_wubixian,fd7550d5-685e-4d77-9cf8-dea555d4c153,B1702,99870f9a-0ef4-4098-a51f-1c8ff8c09381
 黎明,c37abf21-bbdc-41cb-8521-1e36f18fee00,tangjunqiaowancheng,f9d0eea3-2338-4ea9-a54c-e067ba68fcd4,B1702,99870f9a-0ef4-4098-a51f-1c8ff8c09381
 黎明,c37abf21-bbdc-41cb-8521-1e36f18fee00,zenestori-zhanghaochen,5c1055a1-b9eb-4139-9c8e-15ce598aba5f,B1702,99870f9a-0ef4-4098-a51f-1c8ff8c09381
 黎明,c37abf21-bbdc-41cb-8521-1e36f18fee00,Pipa--zhangqiang,e623ec8f-9c58-4780-a460-abdbef270103,B1702,99870f9a-0ef4-4098-a51f-1c8ff8c09381
 黎明,c37abf21-bbdc-41cb-8521-1e36f18fee00,0625_wen,de1fcf2c-3314-4f01-a625-a3420b9656aa,B1702,99870f9a-0ef4-4098-a51f-1c8ff8c09381
 黎明,c37abf21-bbdc-41cb-8521-1e36f18fee00,0625ATartooszlopKiutesenekCsele,5524bbab-4b58-4b43-97e1-13f6109b048a,B1702,99870f9a-0ef4-4098-a51f-1c8ff8c09381
 黎明,c37abf21-bbdc-41cb-8521-1e36f18fee00,0625_wen feri,7c131563-6546-483f-adc3-1dcf7753924d,B1702,99870f9a-0ef4-4098-a51f-1c8ff8c09381
 黎明,c37abf21-bbdc-41cb-8521-1e36f18fee00,0615zhangyuncheng,ce22f0fc-39a4-4ce4-a384-01cec861d1f0,B1702,99870f9a-0ef4-4098-a51f-1c8ff8c09381
 黎明,c37abf21-bbdc-41cb-8521-1e36f18fee00,0613ZhuYingAsuonanoimestere,bc65bb69-681a-4bcc-8c7d-551d04054925,B1702,99870f9a-0ef4-4098-a51f-1c8ff8c09381
 黎明,c37abf21-bbdc-41cb-8521-1e36f18fee00,0613MengWeidong,aae7b5be-dca0-4911-a3e2-b49a2bd49478,B1702,99870f9a-0ef4-4098-a51f-1c8ff8c09381
 黎明,c37abf21-bbdc-41cb-8521-1e36f18fee00,0613ZhuYingASuonaNoiMestere,9cb1d1f2-c9a9-4163-b86f-20b776a7ef4f,B1702,99870f9a-0ef4-4098-a51f-1c8ff8c09381
 黎明,c37abf21-bbdc-41cb-8521-1e36f18fee00,matouqinb,6127d280-400d-48ad-9ae0-f1bf9613c2ca,B1702,99870f9a-0ef4-4098-a51f-1c8ff8c09381
 黎明,c37abf21-bbdc-41cb-8521-1e36f18fee00,matouqin,099e9b0f-9a7b-442c-b535-f5aea7dcb266,B1702,99870f9a-0ef4-4098-a51f-1c8ff8c09381
 黎明,c37abf21-bbdc-41cb-8521-1e36f18fee00,kurouji,cf11592c-048b-4066-a0b2-264bcbd9d05a,B1702,99870f9a-0ef4-4098-a51f-1c8ff8c09381
 黎明,c37abf21-bbdc-41cb-8521-1e36f18fee00,0525noizeneszek,76b7fec0-db4e-4546-b841-e2e7489f69fe,B1702,99870f9a-0ef4-4098-a51f-1c8ff8c09381
 黎明,c37abf21-bbdc-41cb-8521-1e36f18fee00,20110520fujiantulou,1615e888-a5cd-48d8-8b05-1fad2612af6c,B1702,99870f9a-0ef4-4098-a51f-1c8ff8c09381
 黎明,c37abf21-bbdc-41cb-8521-1e36f18fee00,110519yungangbarlang,3bf6c5cf-a90c-4bec-903b-cafca8838730,B1702,99870f9a-0ef4-4098-a51f-1c8ff8c09381
 黎明,c37abf21-bbdc-41cb-8521-1e36f18fee00,20110519Senyangmuzeu,19d8ff5b-df18-4b99-b70f-8a52a9eb99be,B1702,99870f9a-0ef4-4098-a51f-1c8ff8c09381
 黎明,c37abf21-bbdc-41cb-8521-1e36f18fee00,zhoukoudian,c1bec4c6-f360-425b-9a2b-517f8029b152,B1702,99870f9a-0ef4-4098-a51f-1c8ff8c09381
 黎明,c37abf21-bbdc-41cb-8521-1e36f18fee00,0316a,de13dac6-c18b-4d3e-bcf6-e8d81c6fd08e,B1702,99870f9a-0ef4-4098-a51f-1c8ff8c09381
 黎明,c37abf21-bbdc-41cb-8521-1e36f18fee00,1231 hujintao koszontoje,52e0863d-a58d-4b12-97ad-6508b0d75cea,B1702,99870f9a-0ef4-4098-a51f-1c8ff8c09381
 黎明,c37abf21-bbdc-41cb-8521-1e36f18fee00,1224_feri,579c8e79-ef4d-4f71-80f6-1c15e8c55f52,B1702,99870f9a-0ef4-4098-a51f-1c8ff8c09381
 黎明,c37abf21-bbdc-41cb-8521-1e36f18fee00,103060,21d023f9-2422-465c-b9ce-d1356805c6d2,B1702,99870f9a-0ef4-4098-a51f-1c8ff8c09381
 黎明,c37abf21-bbdc-41cb-8521-1e36f18fee00,103030,fa779003-a25c-49dd-9483-aeccbe658d48,B1702,99870f9a-0ef4-4098-a51f-1c8ff8c09381
 黎明,c37abf21-bbdc-41cb-8521-1e36f18fee00,103058,a23bce35-c9b5-47db-9495-de5944407063,B1702,99870f9a-0ef4-4098-a51f-1c8ff8c09381
 黎明,c37abf21-bbdc-41cb-8521-1e36f18fee00,!周五,aa5245a9-59bd-4c46-b979-41f3ae58fc00,B1702,99870f9a-0ef4-4098-a51f-1c8ff8c09381
 黎明,c37abf21-bbdc-41cb-8521-1e36f18fee00,!占周五,80a425b5-0507-488f-894f-f146d024aacb,B1702,99870f9a-0ef4-4098-a51f-1c8ff8c09381
 黎明,c37abf21-bbdc-41cb-8521-1e36f18fee00,0820,622f583b-00c5-4e78-8ba6-663b4a8990b1,B1702,99870f9a-0ef4-4098-a51f-1c8ff8c09381
 黎明,c37abf21-bbdc-41cb-8521-1e36f18fee00,!周二,5aed0c6c-6772-4360-8b63-6b2f408672ed,B1702,99870f9a-0ef4-4098-a51f-1c8ff8c09381
 黎明,c37abf21-bbdc-41cb-8521-1e36f18fee00,!占周二,bf22583e-c9d3-4574-98ed-ecc25116085d,B1702,99870f9a-0ef4-4098-a51f-1c8ff8c09381
 黎明,c37abf21-bbdc-41cb-8521-1e36f18fee00,0817,822c8e50-a397-4230-bc2f-5eae8782af8b,B1702,99870f9a-0ef4-4098-a51f-1c8ff8c09381
